Added Component: Designator=U2(TQFP-44_L)
Add component. Clean all parameters for all variants
Add component (AddParameter): Name = "Fabricant"; Value = "MICROCHIP"; VariantName = "[No Variations]"
Add component (AddParameter): Name = "Fournisseur"; Value = "Farnell"; VariantName = "[No Variations]"
Add component (AddParameter): Name = "Ref.Fabricant"; Value = "PIC32MX110F016D-I/PT"; VariantName = "[No Variations]"
Add component (AddParameter): Name = "Ref.Fournisseur"; Value = "2057068"; VariantName = "[No Variations]"
Added Pin To Net: NetName=S_D1 Pin=U2-1
Added Pin To Net: NetName=SPI_SO Pin=U2-2
Added Pin To Net: NetName=FLSH_CE Pin=U2-3
Added Pin To Net: NetName=FLSH_WP Pin=U2-4
Added Pin To Net: NetName=FLSH_HOLD Pin=U2-5
Added Pin To Net: NetName=GND Pin=U2-6
Added Pin To Net: NetName=NetC3_1 Pin=U2-7
Added Pin To Net: NetName=S_D2 Pin=U2-8
Added Pin To Net: NetName=S_D3 Pin=U2-9
Added Pin To Net: NetName=S_D4 Pin=U2-10
Added Pin To Net: NetName=S_D5 Pin=U2-11
Added Pin To Net: NetName=CR_LED_G Pin=U2-12
Added Pin To Net: NetName=CR_DATA0_3V Pin=U2-13
Added Pin To Net: NetName=S_D6 Pin=U2-14
Added Pin To Net: NetName=S_D7 Pin=U2-15
Added Pin To Net: NetName=GND Pin=U2-16
Added Pin To Net: NetName=VPIC2 Pin=U2-17
Added Pin To Net: NetName=MCLR Pin=U2-18
Added Pin To Net: NetName=GND Pin=U2-20
Added Pin To Net: NetName=PGED1 Pin=U2-21
Added Pin To Net: NetName=PGEC1 Pin=U2-22
Added Pin To Net: NetName=Cmd_servo Pin=U2-23
Added Pin To Net: NetName=STATUS_BTN Pin=U2-24
Added Pin To Net: NetName=PIC_RASPI_RXD Pin=U2-25
Added Pin To Net: NetName=PIC_RASPI_TXD Pin=U2-26
Added Pin To Net: NetName=TS_TR Pin=U2-27
Added Pin To Net: NetName=VPIC1 Pin=U2-28
Added Pin To Net: NetName=GND Pin=U2-29
Added Pin To Net: NetName=RG_LED_0 Pin=U2-30
Added Pin To Net: NetName=RG_LED_1 Pin=U2-31
Added Pin To Net: NetName=CR_DATA1_3V Pin=U2-32
Added Pin To Net: NetName=RTC_CS Pin=U2-33
Added Pin To Net: NetName=CR_LED_R Pin=U2-35
Added Pin To Net: NetName=PowerOK Pin=U2-36
Added Pin To Net: NetName=SPI_SCK Pin=U2-37
Added Pin To Net: NetName=SPI_SI Pin=U2-38
Added Pin To Net: NetName=GND Pin=U2-39
Added Pin To Net: NetName=VPIC0 Pin=U2-40
Added Pin To Net: NetName=S_RS Pin=U2-41
Added Pin To Net: NetName=S_RW Pin=U2-42
Added Pin To Net: NetName=S_E Pin=U2-43
Added Pin To Net: NetName=S_D0 Pin=U2-44
Added Member To Class: ClassName=PIC Member=Component U2 PIC32MX110F016D-I/PT
