Added Component: Designator=C1(0603)
Add component. Clean all parameters for all variants
Add component (AddParameter): Name = "Fabricant"; Value = "AVX"; VariantName = "[No Variations]"
Add component (AddParameter): Name = "Fournisseur"; Value = "Farnell"; VariantName = "[No Variations]"
Add component (AddParameter): Name = "Ref.Fabricant"; Value = "02013A180JAT2A"; VariantName = "[No Variations]"
Add component (AddParameter): Name = "Ref.Fournisseur"; Value = "1740563"; VariantName = "[No Variations]"
Added Component: Designator=C2(0603)
Add component. Clean all parameters for all variants
Add component (AddParameter): Name = "Fabricant"; Value = "AVX"; VariantName = "[No Variations]"
Add component (AddParameter): Name = "Fournisseur"; Value = "Farnell"; VariantName = "[No Variations]"
Add component (AddParameter): Name = "Ref.Fabricant"; Value = "02013A180JAT2A"; VariantName = "[No Variations]"
Add component (AddParameter): Name = "Ref.Fournisseur"; Value = "1740563"; VariantName = "[No Variations]"
Added Component: Designator=C3(C3)
Add component. Clean all parameters for all variants
Add component (AddParameter): Name = "Fabricant"; Value = "VISHAY"; VariantName = "[No Variations]"
Add component (AddParameter): Name = "Fournisseur"; Value = "Farnell"; VariantName = "[No Variations]"
Add component (AddParameter): Name = "Ref.Fabricant"; Value = "TL3C106K025C0450.."; VariantName = "[No Variations]"
Add component (AddParameter): Name = "Ref.Fournisseur"; Value = "2353238"; VariantName = "[No Variations]"
Added Component: Designator=C4(0603)
Add component. Clean all parameters for all variants
Add component (AddParameter): Name = "Fabricant"; Value = "WURTH ELECTRONIK"; VariantName = "[No Variations]"
Add component (AddParameter): Name = "Fournisseur"; Value = "Farnell"; VariantName = "[No Variations]"
Add component (AddParameter): Name = "Ref.Fabricant"; Value = "885342211005"; VariantName = "[No Variations]"
Add component (AddParameter): Name = "Ref.Fournisseur"; Value = "2812613"; VariantName = "[No Variations]"
Add component (AddParameter): Name = "Value"; Value = "100nF"; VariantName = "[No Variations]"
Added Component: Designator=C5(0603)
Add component. Clean all parameters for all variants
Add component (AddParameter): Name = "Fabricant"; Value = "Multicomp"; VariantName = "[No Variations]"
Add component (AddParameter): Name = "Fournisseur"; Value = "Farnell"; VariantName = "[No Variations]"
Add component (AddParameter): Name = "Ref.Fabricant"; Value = "MCY4C3B104M160CT"; VariantName = "[No Variations]"
Add component (AddParameter): Name = "Ref.Fournisseur"; Value = "2310273"; VariantName = "[No Variations]"
Add component (AddParameter): Name = "Value"; Value = "0.1uF"; VariantName = "[No Variations]"
Added Component: Designator=C6(0603)
Add component. Clean all parameters for all variants
Add component (AddParameter): Name = "Fabricant"; Value = "AVX"; VariantName = "[No Variations]"
Add component (AddParameter): Name = "Fournisseur"; Value = "Farnell"; VariantName = "[No Variations]"
Add component (AddParameter): Name = "Ref.Fabricant"; Value = "12103D226KAT2A"; VariantName = "[No Variations]"
Add component (AddParameter): Name = "Ref.Fournisseur"; Value = "1833829"; VariantName = "[No Variations]"
Add component (AddParameter): Name = "Value"; Value = "22uF"; VariantName = "[No Variations]"
Added Component: Designator=C7(0603)
Add component. Clean all parameters for all variants
Add component (AddParameter): Name = "Fabricant"; Value = "Multicomp"; VariantName = "[No Variations]"
Add component (AddParameter): Name = "Fournisseur"; Value = "Farnell"; VariantName = "[No Variations]"
Add component (AddParameter): Name = "Ref.Fabricant"; Value = "MCY4C3B104M160CT"; VariantName = "[No Variations]"
Add component (AddParameter): Name = "Ref.Fournisseur"; Value = "2310273"; VariantName = "[No Variations]"
Add component (AddParameter): Name = "Value"; Value = "0.1uF"; VariantName = "[No Variations]"
Added Component: Designator=C8(0603)
Add component. Clean all parameters for all variants
Add component (AddParameter): Name = "Fabricant"; Value = "Multicomp"; VariantName = "[No Variations]"
Add component (AddParameter): Name = "Fournisseur"; Value = "Farnell"; VariantName = "[No Variations]"
Add component (AddParameter): Name = "Ref.Fabricant"; Value = "MCY4C3B104M160CT"; VariantName = "[No Variations]"
Add component (AddParameter): Name = "Ref.Fournisseur"; Value = "2310273"; VariantName = "[No Variations]"
Add component (AddParameter): Name = "Value"; Value = "0.1uF"; VariantName = "[No Variations]"
Added Component: Designator=C9(0603)
Add component. Clean all parameters for all variants
Add component (AddParameter): Name = "Fabricant"; Value = "Multicomp"; VariantName = "[No Variations]"
Add component (AddParameter): Name = "Fournisseur"; Value = "Farnell"; VariantName = "[No Variations]"
Add component (AddParameter): Name = "Ref.Fabricant"; Value = "MCY4C3B104M160CT"; VariantName = "[No Variations]"
Add component (AddParameter): Name = "Ref.Fournisseur"; Value = "2310273"; VariantName = "[No Variations]"
Add component (AddParameter): Name = "Value"; Value = "0.1uF"; VariantName = "[No Variations]"
Added Component: Designator=C10(0603)
Add component. Clean all parameters for all variants
Add component (AddParameter): Name = "Fabricant"; Value = "Multicomp"; VariantName = "[No Variations]"
Add component (AddParameter): Name = "Fournisseur"; Value = "Farnell"; VariantName = "[No Variations]"
Add component (AddParameter): Name = "Ref.Fabricant"; Value = "MCY4C3B104M160CT"; VariantName = "[No Variations]"
Add component (AddParameter): Name = "Ref.Fournisseur"; Value = "2310273"; VariantName = "[No Variations]"
Add component (AddParameter): Name = "Value"; Value = "0.1uF"; VariantName = "[No Variations]"
Added Component: Designator=C11(0603)
Add component. Clean all parameters for all variants
Add component (AddParameter): Name = "Fabricant"; Value = "Multicomp"; VariantName = "[No Variations]"
Add component (AddParameter): Name = "Fournisseur"; Value = "Farnell"; VariantName = "[No Variations]"
Add component (AddParameter): Name = "Ref.Fabricant"; Value = "MCY4C3B104M160CT"; VariantName = "[No Variations]"
Add component (AddParameter): Name = "Ref.Fournisseur"; Value = "2310273"; VariantName = "[No Variations]"
Add component (AddParameter): Name = "Value"; Value = "0.1uF"; VariantName = "[No Variations]"
Added Component: Designator=C12(0603)
Add component. Clean all parameters for all variants
Add component (AddParameter): Name = "Fabricant"; Value = "Multicomp"; VariantName = "[No Variations]"
Add component (AddParameter): Name = "Fournisseur"; Value = "Farnell"; VariantName = "[No Variations]"
Add component (AddParameter): Name = "Ref.Fabricant"; Value = "MCY4C3B104M160CT"; VariantName = "[No Variations]"
Add component (AddParameter): Name = "Ref.Fournisseur"; Value = "2310273"; VariantName = "[No Variations]"
Add component (AddParameter): Name = "Value"; Value = "0.1uF"; VariantName = "[No Variations]"
Added Component: Designator=C13(Condo_trav)
Add component. Clean all parameters for all variants
Add component (AddParameter): Name = "Fabricant"; Value = "Multicomp"; VariantName = "[No Variations]"
Add component (AddParameter): Name = "Fournisseur"; Value = "Farnell"; VariantName = "[No Variations]"
Add component (AddParameter): Name = "Ref.Fabricant"; Value = "MCGLR16V108M10X16"; VariantName = "[No Variations]"
Add component (AddParameter): Name = "Ref.Fournisseur"; Value = "1902972"; VariantName = "[No Variations]"
Added Component: Designator=C14(0603)
Add component. Clean all parameters for all variants
Add component (AddParameter): Name = "Fabricant"; Value = "KEMET"; VariantName = "[No Variations]"
Add component (AddParameter): Name = "Fournisseur"; Value = "Farnell"; VariantName = "[No Variations]"
Add component (AddParameter): Name = "Ref.Fabricant"; Value = "C1210C106K3RACTU"; VariantName = "[No Variations]"
Add component (AddParameter): Name = "Ref.Fournisseur"; Value = "1358512"; VariantName = "[No Variations]"
Add component (AddParameter): Name = "Value"; Value = "10uF"; VariantName = "[No Variations]"
Added Component: Designator=C15(0603)
Add component. Clean all parameters for all variants
Add component (AddParameter): Name = "Fabricant"; Value = "TDK"; VariantName = "[No Variations]"
Add component (AddParameter): Name = "Fournisseur"; Value = "Farnell"; VariantName = "[No Variations]"
Add component (AddParameter): Name = "Ref.Fabricant"; Value = "CGA2B3X7R1E104K050BB"; VariantName = "[No Variations]"
Add component (AddParameter): Name = "Ref.Fournisseur"; Value = "2210820"; VariantName = "[No Variations]"
Add component (AddParameter): Name = "Value"; Value = "0.1000000001uF"; VariantName = "[No Variations]"
Added Component: Designator=C16(0603)
Add component. Clean all parameters for all variants
Add component (AddParameter): Name = "Fabricant"; Value = "AVX"; VariantName = "[No Variations]"
Add component (AddParameter): Name = "Fournisseur"; Value = "Farnell"; VariantName = "[No Variations]"
Add component (AddParameter): Name = "Ref.Fabricant"; Value = "12103D226KAT2A"; VariantName = "[No Variations]"
Add component (AddParameter): Name = "Ref.Fournisseur"; Value = "1833829"; VariantName = "[No Variations]"
Add component (AddParameter): Name = "Value"; Value = "22uF"; VariantName = "[No Variations]"
Added Component: Designator=C17(0603)
Add component. Clean all parameters for all variants
Add component (AddParameter): Name = "Fabricant"; Value = "AVX"; VariantName = "[No Variations]"
Add component (AddParameter): Name = "Fournisseur"; Value = "Farnell"; VariantName = "[No Variations]"
Add component (AddParameter): Name = "Ref.Fabricant"; Value = "12103D226KAT2A"; VariantName = "[No Variations]"
Add component (AddParameter): Name = "Ref.Fournisseur"; Value = "1833829"; VariantName = "[No Variations]"
Add component (AddParameter): Name = "Value"; Value = "22uF"; VariantName = "[No Variations]"
Added Component: Designator=C18(0603)
Add component. Clean all parameters for all variants
Add component (AddParameter): Name = "Fabricant"; Value = "AVX"; VariantName = "[No Variations]"
Add component (AddParameter): Name = "Fournisseur"; Value = "Farnell"; VariantName = "[No Variations]"
Add component (AddParameter): Name = "Ref.Fabricant"; Value = "12103D226KAT2A"; VariantName = "[No Variations]"
Add component (AddParameter): Name = "Ref.Fournisseur"; Value = "1833829"; VariantName = "[No Variations]"
Add component (AddParameter): Name = "Value"; Value = "22uF"; VariantName = "[No Variations]"
Added Component: Designator=C19(0603)
Add component. Clean all parameters for all variants
Add component (AddParameter): Name = "Fabricant"; Value = "KEMET"; VariantName = "[No Variations]"
Add component (AddParameter): Name = "Fournisseur"; Value = "Farnell"; VariantName = "[No Variations]"
Add component (AddParameter): Name = "Ref.Fabricant"; Value = "C1210C106K3RACTU"; VariantName = "[No Variations]"
Add component (AddParameter): Name = "Ref.Fournisseur"; Value = "1358512"; VariantName = "[No Variations]"
Add component (AddParameter): Name = "Value"; Value = "10uF"; VariantName = "[No Variations]"
Added Component: Designator=C20(0603)
Add component. Clean all parameters for all variants
Add component (AddParameter): Name = "Fabricant"; Value = "TDK"; VariantName = "[No Variations]"
Add component (AddParameter): Name = "Fournisseur"; Value = "Farnell"; VariantName = "[No Variations]"
Add component (AddParameter): Name = "Ref.Fabricant"; Value = "CGA2B3X7R1E104K050BB"; VariantName = "[No Variations]"
Add component (AddParameter): Name = "Ref.Fournisseur"; Value = "2210820"; VariantName = "[No Variations]"
Add component (AddParameter): Name = "Value"; Value = "0.10uF"; VariantName = "[No Variations]"
Added Component: Designator=C21(0603)
Add component. Clean all parameters for all variants
Add component (AddParameter): Name = "Fabricant"; Value = "AVX"; VariantName = "[No Variations]"
Add component (AddParameter): Name = "Fournisseur"; Value = "Farnell"; VariantName = "[No Variations]"
Add component (AddParameter): Name = "Ref.Fabricant"; Value = "12103D226KAT2A"; VariantName = "[No Variations]"
Add component (AddParameter): Name = "Ref.Fournisseur"; Value = "1833829"; VariantName = "[No Variations]"
Add component (AddParameter): Name = "Value"; Value = "22uF"; VariantName = "[No Variations]"
Added Component: Designator=C22(0603)
Add component. Clean all parameters for all variants
Add component (AddParameter): Name = "Fabricant"; Value = "AVX"; VariantName = "[No Variations]"
Add component (AddParameter): Name = "Fournisseur"; Value = "Farnell"; VariantName = "[No Variations]"
Add component (AddParameter): Name = "Ref.Fabricant"; Value = "12103D226KAT2A"; VariantName = "[No Variations]"
Add component (AddParameter): Name = "Ref.Fournisseur"; Value = "1833829"; VariantName = "[No Variations]"
Add component (AddParameter): Name = "Value"; Value = "22uF"; VariantName = "[No Variations]"
Added Component: Designator=C23(0603)
Add component. Clean all parameters for all variants
Add component (AddParameter): Name = "Fabricant"; Value = "AVX"; VariantName = "[No Variations]"
Add component (AddParameter): Name = "Fournisseur"; Value = "Farnell"; VariantName = "[No Variations]"
Add component (AddParameter): Name = "Ref.Fabricant"; Value = "12103D226KAT2A"; VariantName = "[No Variations]"
Add component (AddParameter): Name = "Ref.Fournisseur"; Value = "1833829"; VariantName = "[No Variations]"
Add component (AddParameter): Name = "Value"; Value = "22uF"; VariantName = "[No Variations]"
Added Component: Designator=D1(DiodeZin)
Add component. Clean all parameters for all variants
Add component (AddParameter): Name = "Fabricant"; Value = "ON SEMICONDUCTOR"; VariantName = "[No Variations]"
Add component (AddParameter): Name = "Fournisseur"; Value = "Farnell"; VariantName = "[No Variations]"
Add component (AddParameter): Name = "Ref.Fabricant"; Value = "MM3Z15VB"; VariantName = "[No Variations]"
Add component (AddParameter): Name = "Ref.Fournisseur"; Value = "2453991"; VariantName = "[No Variations]"
Added Component: Designator=D2(DO214AB SMC)
Add component. Clean all parameters for all variants
Add component (AddParameter): Name = "Fabricant"; Value = "OnSemiconductor"; VariantName = "[No Variations]"
Add component (AddParameter): Name = "Fournisseur"; Value = "Farnell"; VariantName = "[No Variations]"
Add component (AddParameter): Name = "Ref.Fabricant"; Value = "MBRS330T3G"; VariantName = "[No Variations]"
Add component (AddParameter): Name = "Ref.Fournisseur"; Value = "1459078"; VariantName = "[No Variations]"
Added Component: Designator=D3(DO214AB SMC)
Add component. Clean all parameters for all variants
Add component (AddParameter): Name = "Fabricant"; Value = "OnSemiconductor"; VariantName = "[No Variations]"
Add component (AddParameter): Name = "Fournisseur"; Value = "Farnell"; VariantName = "[No Variations]"
Add component (AddParameter): Name = "Ref.Fabricant"; Value = "MBRS330T3G"; VariantName = "[No Variations]"
Add component (AddParameter): Name = "Ref.Fournisseur"; Value = "1459078"; VariantName = "[No Variations]"
Added Component: Designator=F1(FUSIBLE)
Add component. Clean all parameters for all variants
Add component (AddParameter): Name = "Fabricant"; Value = "Littelfuse"; VariantName = "[No Variations]"
Add component (AddParameter): Name = "Fournisseur"; Value = "Farnell"; VariantName = "[No Variations]"
Add component (AddParameter): Name = "Ref.Fabricant"; Value = "39515000000"; VariantName = "[No Variations]"
Add component (AddParameter): Name = "Ref.Fournisseur"; Value = "1596504"; VariantName = "[No Variations]"
Added Component: Designator=L1(L1L2)
Add component. Clean all parameters for all variants
Add component (AddParameter): Name = "Fabricant"; Value = "Coilcraft"; VariantName = "[No Variations]"
Add component (AddParameter): Name = "Fournisseur"; Value = "Farnell"; VariantName = "[No Variations]"
Add component (AddParameter): Name = "Ref.Fabricant"; Value = "MSS1038-702NLC"; VariantName = "[No Variations]"
Add component (AddParameter): Name = "Ref.Fournisseur"; Value = "2288224"; VariantName = "[No Variations]"
Add component (AddParameter): Name = "Value"; Value = "7uH"; VariantName = "[No Variations]"
Added Component: Designator=L2(L1L2)
Add component. Clean all parameters for all variants
Add component (AddParameter): Name = "Fabricant"; Value = "Coilcraft"; VariantName = "[No Variations]"
Add component (AddParameter): Name = "Fournisseur"; Value = "Farnell"; VariantName = "[No Variations]"
Add component (AddParameter): Name = "Ref.Fabricant"; Value = "MSS1038-702NLC"; VariantName = "[No Variations]"
Add component (AddParameter): Name = "Ref.Fournisseur"; Value = "2288224"; VariantName = "[No Variations]"
Add component (AddParameter): Name = "Value"; Value = "7uH"; VariantName = "[No Variations]"
Added Component: Designator=P1(Connect2x20)
Add component. Clean all parameters for all variants
Add component (AddParameter): Name = "Fabricant"; Value = "WURTH ELECTRONIK"; VariantName = "[No Variations]"
Add component (AddParameter): Name = "Fournisseur"; Value = "Farnell"; VariantName = "[No Variations]"
Add component (AddParameter): Name = "Ref.Fabricant"; Value = "61304021121"; VariantName = "[No Variations]"
Add component (AddParameter): Name = "Ref.Fournisseur"; Value = "2356148"; VariantName = "[No Variations]"
Added Component: Designator=P2(Bornier12)
Add component. Clean all parameters for all variants
Add component (AddParameter): Name = "Fabricant"; Value = "METZ CONNECT"; VariantName = "[No Variations]"
Add component (AddParameter): Name = "Fournisseur"; Value = "Farnell"; VariantName = "[No Variations]"
Add component (AddParameter): Name = "Ref.Fabricant"; Value = "31101112"; VariantName = "[No Variations]"
Add component (AddParameter): Name = "Ref.Fournisseur"; Value = "1909750"; VariantName = "[No Variations]"
Added Component: Designator=P3(RJ12)
Add component. Clean all parameters for all variants
Add component (AddParameter): Name = "Fabricant"; Value = "Amphenol ICC"; VariantName = "[No Variations]"
Add component (AddParameter): Name = "Fournisseur"; Value = "Farnell"; VariantName = "[No Variations]"
Add component (AddParameter): Name = "Ref.Fabricant"; Value = "90512-001LF"; VariantName = "[No Variations]"
Add component (AddParameter): Name = "Ref.Fournisseur"; Value = "1097914"; VariantName = "[No Variations]"
Added Component: Designator=P4(JackAlim)
Add component. Clean all parameters for all variants
Add component (AddParameter): Name = "Fabricant"; Value = "CLIFF"; VariantName = "[No Variations]"
Add component (AddParameter): Name = "Fournisseur"; Value = "Farnell"; VariantName = "[No Variations]"
Add component (AddParameter): Name = "Ref.Fabricant"; Value = "FC681465P"; VariantName = "[No Variations]"
Add component (AddParameter): Name = "Ref.Fournisseur"; Value = "1854512"; VariantName = "[No Variations]"
Added Component: Designator=PS1(Pile)
Add component. Clean all parameters for all variants
Add component (AddParameter): Name = "Fabricant"; Value = "Renata"; VariantName = "[No Variations]"
Add component (AddParameter): Name = "Fournisseur"; Value = "Farnell"; VariantName = "[No Variations]"
Add component (AddParameter): Name = "Ref.Fabricant"; Value = "SMTU-1225-1-LF"; VariantName = "[No Variations]"
Add component (AddParameter): Name = "Ref.Fournisseur"; Value = "1216353"; VariantName = "[No Variations]"
Added Component: Designator=Q1(MOSFETN)
Add component. Clean all parameters for all variants
Add component (AddParameter): Name = "Fabricant"; Value = "Nexperia"; VariantName = "[No Variations]"
Add component (AddParameter): Name = "Fournisseur"; Value = "Farnell"; VariantName = "[No Variations]"
Add component (AddParameter): Name = "Ref.Fabricant"; Value = "BUK7M42-60EX"; VariantName = "[No Variations]"
Add component (AddParameter): Name = "Ref.Fournisseur"; Value = "2760371"; VariantName = "[No Variations]"
Added Component: Designator=Q2(MOSFETN)
Add component. Clean all parameters for all variants
Add component (AddParameter): Name = "Fabricant"; Value = "Nexperia"; VariantName = "[No Variations]"
Add component (AddParameter): Name = "Fournisseur"; Value = "Farnell"; VariantName = "[No Variations]"
Add component (AddParameter): Name = "Ref.Fabricant"; Value = "BUK7M42-60EX"; VariantName = "[No Variations]"
Add component (AddParameter): Name = "Ref.Fournisseur"; Value = "2760371"; VariantName = "[No Variations]"
Added Component: Designator=R1(POTARD)
Add component. Clean all parameters for all variants
Add component (AddParameter): Name = "Fabricant"; Value = "VISHAY"; VariantName = "[No Variations]"
Add component (AddParameter): Name = "Fournisseur"; Value = "Farnell"; VariantName = "[No Variations]"
Add component (AddParameter): Name = "Ref.Fabricant"; Value = "M63S203KB40"; VariantName = "[No Variations]"
Add component (AddParameter): Name = "Ref.Fournisseur"; Value = "9609822"; VariantName = "[No Variations]"
Added Component: Designator=R2(0603)
Add component. Clean all parameters for all variants
Add component (AddParameter): Name = "Fabricant"; Value = "MULTICOMP"; VariantName = "[No Variations]"
Add component (AddParameter): Name = "Fournisseur"; Value = "Farnell"; VariantName = "[No Variations]"
Add component (AddParameter): Name = "Ref.Fabricant"; Value = "MCSR08X3003FTL"; VariantName = "[No Variations]"
Add component (AddParameter): Name = "Ref.Fournisseur"; Value = "2074433"; VariantName = "[No Variations]"
Add component (AddParameter): Name = "Value"; Value = "300k"; VariantName = "[No Variations]"
Added Component: Designator=R3(0603)
Add component. Clean all parameters for all variants
Add component (AddParameter): Name = "Fabricant"; Value = "MULTICOMP"; VariantName = "[No Variations]"
Add component (AddParameter): Name = "Fournisseur"; Value = "Farnell"; VariantName = "[No Variations]"
Add component (AddParameter): Name = "Ref.Fabricant"; Value = "MCSR08X3003FTL"; VariantName = "[No Variations]"
Add component (AddParameter): Name = "Ref.Fournisseur"; Value = "2074433"; VariantName = "[No Variations]"
Add component (AddParameter): Name = "Value"; Value = "300k"; VariantName = "[No Variations]"
Added Component: Designator=R4(0603)
Add component. Clean all parameters for all variants
Add component (AddParameter): Name = "Fabricant"; Value = "MULTICOMP"; VariantName = "[No Variations]"
Add component (AddParameter): Name = "Fournisseur"; Value = "Farnell"; VariantName = "[No Variations]"
Add component (AddParameter): Name = "Ref.Fabricant"; Value = "MCWR06X1003FTL"; VariantName = "[No Variations]"
Add component (AddParameter): Name = "Ref.Fournisseur"; Value = "2447226"; VariantName = "[No Variations]"
Add component (AddParameter): Name = "Value"; Value = "100k"; VariantName = "[No Variations]"
Added Component: Designator=R5(0603)
Add component. Clean all parameters for all variants
Add component (AddParameter): Name = "Fabricant"; Value = "MULTICOMP"; VariantName = "[No Variations]"
Add component (AddParameter): Name = "Fournisseur"; Value = "Farnell"; VariantName = "[No Variations]"
Add component (AddParameter): Name = "Ref.Fabricant"; Value = "MCWR06X1003FTL"; VariantName = "[No Variations]"
Add component (AddParameter): Name = "Ref.Fournisseur"; Value = "2447226"; VariantName = "[No Variations]"
Add component (AddParameter): Name = "Value"; Value = "100k"; VariantName = "[No Variations]"
Added Component: Designator=R6(0603)
Add component. Clean all parameters for all variants
Add component (AddParameter): Name = "Fabricant"; Value = "MULTICOMP"; VariantName = "[No Variations]"
Add component (AddParameter): Name = "Fournisseur"; Value = "Farnell"; VariantName = "[No Variations]"
Add component (AddParameter): Name = "Ref.Fabricant"; Value = "MCSR08X3003FTL"; VariantName = "[No Variations]"
Add component (AddParameter): Name = "Ref.Fournisseur"; Value = "2074433"; VariantName = "[No Variations]"
Add component (AddParameter): Name = "Value"; Value = "300k"; VariantName = "[No Variations]"
Added Component: Designator=R7(0603)
Add component. Clean all parameters for all variants
Add component (AddParameter): Name = "Fabricant"; Value = "MULTICOMP"; VariantName = "[No Variations]"
Add component (AddParameter): Name = "Fournisseur"; Value = "Farnell"; VariantName = "[No Variations]"
Add component (AddParameter): Name = "Ref.Fabricant"; Value = "MCSR08X3003FTL"; VariantName = "[No Variations]"
Add component (AddParameter): Name = "Ref.Fournisseur"; Value = "2074433"; VariantName = "[No Variations]"
Add component (AddParameter): Name = "Value"; Value = "300k"; VariantName = "[No Variations]"
Added Component: Designator=R8(0603)
Add component. Clean all parameters for all variants
Add component (AddParameter): Name = "Fabricant"; Value = "TE CONNECTIVITY"; VariantName = "[No Variations]"
Add component (AddParameter): Name = "Fournisseur"; Value = "Farnell"; VariantName = "[No Variations]"
Add component (AddParameter): Name = "Ref.Fabricant"; Value = "CPF0201D10KC1"; VariantName = "[No Variations]"
Add component (AddParameter): Name = "Ref.Fournisseur"; Value = "2117887"; VariantName = "[No Variations]"
Added Component: Designator=R9(0603)
Add component. Clean all parameters for all variants
Add component (AddParameter): Name = "Fabricant"; Value = "TE Connectivity"; VariantName = "[No Variations]"
Add component (AddParameter): Name = "Fournisseur"; Value = "Farnell"; VariantName = "[No Variations]"
Add component (AddParameter): Name = "Ref.Fabricant"; Value = "RN73C1J232RBTDF"; VariantName = "[No Variations]"
Add component (AddParameter): Name = "Ref.Fournisseur"; Value = "2687973"; VariantName = "[No Variations]"
Added Component: Designator=R10(0603)
Add component. Clean all parameters for all variants
Add component (AddParameter): Name = "Fabricant"; Value = "TE CONNECTIVITY"; VariantName = "[No Variations]"
Add component (AddParameter): Name = "Fournisseur"; Value = "Farnell"; VariantName = "[No Variations]"
Add component (AddParameter): Name = "Ref.Fabricant"; Value = "CPF0201D10KC1"; VariantName = "[No Variations]"
Add component (AddParameter): Name = "Ref.Fournisseur"; Value = "2117887"; VariantName = "[No Variations]"
Add component (AddParameter): Name = "Value"; Value = "10k"; VariantName = "[No Variations]"
Added Component: Designator=R11(0603)
Add component. Clean all parameters for all variants
Add component (AddParameter): Name = "Fabricant"; Value = "TE CONNECTIVITY"; VariantName = "[No Variations]"
Add component (AddParameter): Name = "Fournisseur"; Value = "Farnell"; VariantName = "[No Variations]"
Add component (AddParameter): Name = "Ref.Fabricant"; Value = "CPF0201D1K0E1"; VariantName = "[No Variations]"
Add component (AddParameter): Name = "Ref.Fournisseur"; Value = "2117780"; VariantName = "[No Variations]"
Add component (AddParameter): Name = "Value"; Value = "1K"; VariantName = "[No Variations]"
Added Component: Designator=R12(0603)
Add component. Clean all parameters for all variants
Add component (AddParameter): Name = "Fabricant"; Value = "Multicomp"; VariantName = "[No Variations]"
Add component (AddParameter): Name = "Fournisseur"; Value = "Farnell"; VariantName = "[No Variations]"
Add component (AddParameter): Name = "Ref.Fabricant"; Value = "MCWR06X1003FTL"; VariantName = "[No Variations]"
Add component (AddParameter): Name = "Ref.Founisseur"; Value = "2447226"; VariantName = "[No Variations]"
Added Component: Designator=R13(0603)
Add component. Clean all parameters for all variants
Add component (AddParameter): Name = "Fabricant"; Value = "MULTICOMP"; VariantName = "[No Variations]"
Add component (AddParameter): Name = "Fournisseur"; Value = "Farnell"; VariantName = "[No Variations]"
Add component (AddParameter): Name = "Ref.Fabricant"; Value = "MCSR08X3003FTL"; VariantName = "[No Variations]"
Add component (AddParameter): Name = "Ref.Fournisseur"; Value = "2074433"; VariantName = "[No Variations]"
Add component (AddParameter): Name = "Value"; Value = "300k"; VariantName = "[No Variations]"
Added Component: Designator=R14(0603)
Add component. Clean all parameters for all variants
Add component (AddParameter): Name = "Fabricant"; Value = "TE Connectivity"; VariantName = "[No Variations]"
Add component (AddParameter): Name = "Fournisseur"; Value = "Farnell"; VariantName = "[No Variations]"
Add component (AddParameter): Name = "Ref.Fabricant"; Value = "RN73C1J232RBTDF"; VariantName = "[No Variations]"
Add component (AddParameter): Name = "Ref.Fournisseur"; Value = "2687973"; VariantName = "[No Variations]"
Added Component: Designator=R15(0603)
Add component. Clean all parameters for all variants
Add component (AddParameter): Name = "Fabricant"; Value = "Multicomp"; VariantName = "[No Variations]"
Add component (AddParameter): Name = "Fournisseur"; Value = "Farnell"; VariantName = "[No Variations]"
Add component (AddParameter): Name = "Ref.Fabricant"; Value = "MCWR06X1003FTL"; VariantName = "[No Variations]"
Add component (AddParameter): Name = "Ref.Founisseur"; Value = "2447226"; VariantName = "[No Variations]"
Added Component: Designator=R16(0603)
Add component. Clean all parameters for all variants
Add component (AddParameter): Name = "Fabricant"; Value = "MULTICOMP"; VariantName = "[No Variations]"
Add component (AddParameter): Name = "Fournisseur"; Value = "Farnell"; VariantName = "[No Variations]"
Add component (AddParameter): Name = "Ref.Fabricant"; Value = "MCWR06X1003FTL"; VariantName = "[No Variations]"
Add component (AddParameter): Name = "Ref.Fournisseur"; Value = "2447226"; VariantName = "[No Variations]"
Add component (AddParameter): Name = "Value"; Value = "100k"; VariantName = "[No Variations]"
Added Component: Designator=R17(0603)
Add component. Clean all parameters for all variants
Add component (AddParameter): Name = "Fabricant"; Value = "TE CONNECTIVITY"; VariantName = "[No Variations]"
Add component (AddParameter): Name = "Fournisseur"; Value = "Farnell"; VariantName = "[No Variations]"
Add component (AddParameter): Name = "Ref.Fabricant"; Value = "RP73PF1E60R4BTDF"; VariantName = "[No Variations]"
Add component (AddParameter): Name = "Ref.Fournisseur"; Value = "2838800"; VariantName = "[No Variations]"
Add component (AddParameter): Name = "Value"; Value = "60.4o"; VariantName = "[No Variations]"
Added Component: Designator=R18(0603)
Add component. Clean all parameters for all variants
Add component (AddParameter): Name = "Fabricant"; Value = "TE CONNECTIVITY"; VariantName = "[No Variations]"
Add component (AddParameter): Name = "Fournisseur"; Value = "Farnell"; VariantName = "[No Variations]"
Add component (AddParameter): Name = "Ref.Fabricant"; Value = "CPF0805B75RE1"; VariantName = "[No Variations]"
Add component (AddParameter): Name = "Ref.Fournisseur"; Value = "1697415"; VariantName = "[No Variations]"
Add component (AddParameter): Name = "Value"; Value = "75o"; VariantName = "[No Variations]"
Added Component: Designator=R19(0603)
Add component. Clean all parameters for all variants
Add component (AddParameter): Name = "Fabricant"; Value = "TE Connectivity"; VariantName = "[No Variations]"
Add component (AddParameter): Name = "Fournisseur"; Value = "Farnell"; VariantName = "[No Variations]"
Add component (AddParameter): Name = "Ref.Fabricant"; Value = "RN73C1J232RBTDF"; VariantName = "[No Variations]"
Add component (AddParameter): Name = "Ref.Fournisseur"; Value = "2687973"; VariantName = "[No Variations]"
Added Component: Designator=S1(SPST-2)
Add component. Clean all parameters for all variants
Add component (AddParameter): Name = "Fabricant"; Value = "RAFI"; VariantName = "[No Variations]"
Add component (AddParameter): Name = "Fournisseur"; Value = "Farnell"; VariantName = "[No Variations]"
Add component (AddParameter): Name = "Ref.Fabricant"; Value = "1.10.001.001/0205"; VariantName = "[No Variations]"
Add component (AddParameter): Name = "Ref.Fournisseur"; Value = "9927360"; VariantName = "[No Variations]"
Added Component: Designator=U1(TRANS)
Add component. Clean all parameters for all variants
Add component (AddParameter): Name = "Fabricant"; Value = "ON SEMICONDUCTOR"; VariantName = "[No Variations]"
Add component (AddParameter): Name = "Fournisseur"; Value = "Farnell"; VariantName = "[No Variations]"
Add component (AddParameter): Name = "Ref.Fabricant"; Value = "74LVX4245MTCX"; VariantName = "[No Variations]"
Add component (AddParameter): Name = "Ref.Fournisseur"; Value = "1467357"; VariantName = "[No Variations]"
Added Component: Designator=U2(TQFP-44_L)
Add component. Clean all parameters for all variants
Add component (AddParameter): Name = "Fabricant"; Value = "MICROCHIP"; VariantName = "[No Variations]"
Add component (AddParameter): Name = "Fournisseur"; Value = "Farnell"; VariantName = "[No Variations]"
Add component (AddParameter): Name = "Ref.Fabricant"; Value = "PIC32MX110F016D-I/PT"; VariantName = "[No Variations]"
Add component (AddParameter): Name = "Ref.Fournisseur"; Value = "2057068"; VariantName = "[No Variations]"
Added Component: Designator=U3(SOIC208-8_L)
Add component. Clean all parameters for all variants
Add component (AddParameter): Name = "Fabricant"; Value = "Microchip"; VariantName = "[No Variations]"
Add component (AddParameter): Name = "Fournisseur"; Value = "Farnell"; VariantName = "[No Variations]"
Add component (AddParameter): Name = "Ref.Fabricant"; Value = "SST25VF016B-50-4I-S2AF-T"; VariantName = "[No Variations]"
Add component (AddParameter): Name = "Ref.Fournisseur"; Value = "2774943"; VariantName = "[No Variations]"
Added Component: Designator=U4(RD_8_1)
Add component. Clean all parameters for all variants
Add component (AddParameter): Name = "Fabricant"; Value = "Analog Devices"; VariantName = "[No Variations]"
Add component (AddParameter): Name = "Fournisseur"; Value = "Farnell"; VariantName = "[No Variations]"
Add component (AddParameter): Name = "Ref.Fabricant"; Value = "ADP2302ARDZ-5.0-R7"; VariantName = "[No Variations]"
Add component (AddParameter): Name = "Ref.Fournisseur"; Value = "2727507"; VariantName = "[No Variations]"
Added Component: Designator=U5(RD_8_1)
Add component. Clean all parameters for all variants
Add component (AddParameter): Name = "Fabricant"; Value = "Analog Devices"; VariantName = "[No Variations]"
Add component (AddParameter): Name = "Fournisseur"; Value = "Farnell"; VariantName = "[No Variations]"
Add component (AddParameter): Name = "Ref.Fabricant"; Value = "ADP2302ARDZ-3.3-R7"; VariantName = "[No Variations]"
Add component (AddParameter): Name = "Ref.Fournisseur"; Value = "2376914"; VariantName = "[No Variations]"
Added Component: Designator=U6(LM809)
Add component. Clean all parameters for all variants
Add component (AddParameter): Name = "Fabricant"; Value = "TEXAS INSTRUMENTS"; VariantName = "[No Variations]"
Add component (AddParameter): Name = "Fournisseur"; Value = "Farnell"; VariantName = "[No Variations]"
Add component (AddParameter): Name = "Ref.Fabricant"; Value = "LM809M3-3.08/NOPB"; VariantName = "[No Variations]"
Add component (AddParameter): Name = "Ref.Fournisseur"; Value = "2352609"; VariantName = "[No Variations]"
Added Component: Designator=U7(MICROCHIP MSOP-10 UN)
Add component. Clean all parameters for all variants
Add component (AddParameter): Name = "Fabricant"; Value = "Microchip"; VariantName = "[No Variations]"
Add component (AddParameter): Name = "Fournisseur"; Value = "Farnell"; VariantName = "[No Variations]"
Add component (AddParameter): Name = "Ref.Fabricant"; Value = "MCP79510-I/MS"; VariantName = "[No Variations]"
Add component (AddParameter): Name = "Ref.Fournisseur"; Value = "2361124"; VariantName = "[No Variations]"
Added Component: Designator=XDS1(HDR1X16)
Add component. Clean all parameters for all variants
Add component (AddParameter): Name = "Fabricant"; Value = "AMP-TE CONNECTIVITY"; VariantName = "[No Variations]"
Add component (AddParameter): Name = "Fournisseur"; Value = "Farnell"; VariantName = "[No Variations]"
Add component (AddParameter): Name = "Ref.Fabricant"; Value = "1-826629-6"; VariantName = "[No Variations]"
Add component (AddParameter): Name = "Ref.Fournisseur"; Value = "1248124"; VariantName = "[No Variations]"
Added Component: Designator=Y1(QUARTZ32KHz)
Add component. Clean all parameters for all variants
Add component (AddParameter): Name = "Fabricant"; Value = "ABRACON"; VariantName = "[No Variations]"
Add component (AddParameter): Name = "Fournisseur"; Value = "Farnell"; VariantName = "[No Variations]"
Add component (AddParameter): Name = "Ref.Fabricant"; Value = "ABS07-32.768KHZ-7-T"; VariantName = "[No Variations]"
Add component (AddParameter): Name = "Ref.Fournisseur"; Value = "1838935"; VariantName = "[No Variations]"
Added Pin To Net: NetName=3.3VDC Pin=P2-4
Added Net: Name=3.3VDC
Added Pin To Net: NetName=5VDC Pin=C16-1
Added Pin To Net: NetName=5VDC Pin=C17-1
Added Pin To Net: NetName=5VDC Pin=C18-1
Added Pin To Net: NetName=5VDC Pin=L1-2
Added Pin To Net: NetName=5VDC Pin=P1-2
Added Pin To Net: NetName=5VDC Pin=R1-1
Added Pin To Net: NetName=5VDC Pin=U1-23
Added Pin To Net: NetName=5VDC Pin=U1-24
Added Pin To Net: NetName=5VDC Pin=XDS1-2
Added Pin To Net: NetName=5VDC Pin=XDS1-15
Added Net: Name=5VDC
Added Pin To Net: NetName=12VDC Pin=C13-2
Added Pin To Net: NetName=12VDC Pin=C14-1
Added Pin To Net: NetName=12VDC Pin=C19-1
Added Pin To Net: NetName=12VDC Pin=D1-1
Added Pin To Net: NetName=12VDC Pin=F1-2
Added Pin To Net: NetName=12VDC Pin=P2-12
Added Pin To Net: NetName=12VDC Pin=R12-2
Added Pin To Net: NetName=12VDC Pin=R13-2
Added Pin To Net: NetName=12VDC Pin=R15-1
Added Net: Name=12VDC
Added Pin To Net: NetName=Cmd_servo Pin=P2-3
Added Pin To Net: NetName=Cmd_servo Pin=U2-23
Added Net: Name=Cmd_servo
Added Pin To Net: NetName=CR_DATA0_3V Pin=R2-1
Added Pin To Net: NetName=CR_DATA0_3V Pin=R4-2
Added Pin To Net: NetName=CR_DATA0_3V Pin=U2-13
Added Net: Name=CR_DATA0_3V
Added Pin To Net: NetName=CR_DATA0_12V Pin=P2-10
Added Pin To Net: NetName=CR_DATA0_12V Pin=R2-2
Added Net: Name=CR_DATA0_12V
Added Pin To Net: NetName=CR_DATA1_3V Pin=R3-1
Added Pin To Net: NetName=CR_DATA1_3V Pin=R5-2
Added Pin To Net: NetName=CR_DATA1_3V Pin=U2-32
Added Net: Name=CR_DATA1_3V
Added Pin To Net: NetName=CR_DATA1_12V Pin=P2-11
Added Pin To Net: NetName=CR_DATA1_12V Pin=R3-2
Added Net: Name=CR_DATA1_12V
Added Pin To Net: NetName=CR_LED_G_CTRL Pin=P2-8
Added Pin To Net: NetName=CR_LED_G_CTRL Pin=Q2-1
Added Net: Name=CR_LED_G_CTRL
Added Pin To Net: NetName=CR_LED_G Pin=Q2-2
Added Pin To Net: NetName=CR_LED_G Pin=U2-12
Added Net: Name=CR_LED_G
Added Pin To Net: NetName=CR_LED_R_CTRL Pin=P2-7
Added Pin To Net: NetName=CR_LED_R_CTRL Pin=Q1-1
Added Net: Name=CR_LED_R_CTRL
Added Pin To Net: NetName=CR_LED_R Pin=Q1-2
Added Pin To Net: NetName=CR_LED_R Pin=U2-35
Added Net: Name=CR_LED_R
Added Pin To Net: NetName=FLSH_CE Pin=U2-3
Added Pin To Net: NetName=FLSH_CE Pin=U3-1
Added Net: Name=FLSH_CE
Added Pin To Net: NetName=FLSH_HOLD Pin=U2-5
Added Net: Name=FLSH_HOLD
Added Pin To Net: NetName=FLSH_WP Pin=U2-4
Added Pin To Net: NetName=FLSH_WP Pin=U3-3
Added Net: Name=FLSH_WP
Added Pin To Net: NetName=GND Pin=C1-1
Added Pin To Net: NetName=GND Pin=C2-1
Added Pin To Net: NetName=GND Pin=C3-2
Added Pin To Net: NetName=GND Pin=C5-1
Added Pin To Net: NetName=GND Pin=C6-1
Added Pin To Net: NetName=GND Pin=C13-1
Added Pin To Net: NetName=GND Pin=C14-2
Added Pin To Net: NetName=GND Pin=C16-2
Added Pin To Net: NetName=GND Pin=C17-2
Added Pin To Net: NetName=GND Pin=C18-2
Added Pin To Net: NetName=GND Pin=C19-2
Added Pin To Net: NetName=GND Pin=C21-2
Added Pin To Net: NetName=GND Pin=C22-2
Added Pin To Net: NetName=GND Pin=C23-2
Added Pin To Net: NetName=GND Pin=D3-1
Added Pin To Net: NetName=GND Pin=P1-6
Added Pin To Net: NetName=GND Pin=P2-5
Added Pin To Net: NetName=GND Pin=P2-9
Added Pin To Net: NetName=GND Pin=P3-3
Added Pin To Net: NetName=GND Pin=P3-3
Added Pin To Net: NetName=GND Pin=R1-2
Added Pin To Net: NetName=GND Pin=R4-1
Added Pin To Net: NetName=GND Pin=R5-1
Added Pin To Net: NetName=GND Pin=R6-1
Added Pin To Net: NetName=GND Pin=R7-1
Added Pin To Net: NetName=GND Pin=R16-1
Added Pin To Net: NetName=GND Pin=S1-2
Added Pin To Net: NetName=GND Pin=U1-11
Added Pin To Net: NetName=GND Pin=U1-12
Added Pin To Net: NetName=GND Pin=U1-13
Added Pin To Net: NetName=GND Pin=U1-22
Added Pin To Net: NetName=GND Pin=U2-6
Added Pin To Net: NetName=GND Pin=U2-16
Added Pin To Net: NetName=GND Pin=U2-20
Added Pin To Net: NetName=GND Pin=U2-29
Added Pin To Net: NetName=GND Pin=U2-39
Added Pin To Net: NetName=GND Pin=U3-4
Added Pin To Net: NetName=GND Pin=U7-5
Added Pin To Net: NetName=GND Pin=XDS1-1
Added Pin To Net: NetName=GND Pin=XDS1-16
Added Net: Name=GND
Added Pin To Net: NetName=MCLR Pin=P3-1
Added Pin To Net: NetName=MCLR Pin=R11-2
Added Pin To Net: NetName=MCLR Pin=U2-18
Added Net: Name=MCLR
Added Pin To Net: NetName=NetC3_1 Pin=C3-1
Added Pin To Net: NetName=NetC3_1 Pin=U2-7
Added Net: Name=NetC3_1
Added Pin To Net: NetName=NetC4_1 Pin=C4-1
Added Pin To Net: NetName=NetC4_1 Pin=R8-2
Added Pin To Net: NetName=NetC4_1 Pin=R9-1
Added Net: Name=NetC4_1
Added Pin To Net: NetName=NetC4_2 Pin=C4-2
Added Pin To Net: NetName=NetC4_2 Pin=P2-6
Added Net: Name=NetC4_2
Added Pin To Net: NetName=NetC5_2 Pin=C5-2
Added Pin To Net: NetName=NetC5_2 Pin=R10-1
Added Pin To Net: NetName=NetC5_2 Pin=R11-1
Added Net: Name=NetC5_2
Added Pin To Net: NetName=NetC7_1 Pin=C7-1
Added Pin To Net: NetName=NetC7_1 Pin=C8-2
Added Net: Name=NetC7_1
Added Pin To Net: NetName=NetC9_1 Pin=C9-1
Added Pin To Net: NetName=NetC9_1 Pin=C10-1
Added Net: Name=NetC9_1
Added Pin To Net: NetName=NetC11_1 Pin=C11-1
Added Pin To Net: NetName=NetC11_1 Pin=C12-2
Added Net: Name=NetC11_1
Added Pin To Net: NetName=NetC15_1 Pin=C15-1
Added Net: Name=NetC15_1
Added Pin To Net: NetName=NetC15_2 Pin=C15-2
Added Pin To Net: NetName=NetC15_2 Pin=D2-2
Added Pin To Net: NetName=NetC15_2 Pin=L1-1
Added Net: Name=NetC15_2
Added Pin To Net: NetName=NetC20_1 Pin=C20-1
Added Net: Name=NetC20_1
Added Pin To Net: NetName=NetC20_2 Pin=C20-2
Added Pin To Net: NetName=NetC20_2 Pin=D3-2
Added Pin To Net: NetName=NetC20_2 Pin=L2-1
Added Net: Name=NetC20_2
Added Pin To Net: NetName=NetF1_1 Pin=F1-1
Added Net: Name=NetF1_1
Added Pin To Net: NetName=NetQ1_3 Pin=Q1-3
Added Pin To Net: NetName=NetQ1_3 Pin=R6-2
Added Net: Name=NetQ1_3
Added Pin To Net: NetName=NetQ2_3 Pin=Q2-3
Added Pin To Net: NetName=NetQ2_3 Pin=R7-2
Added Net: Name=NetQ2_3
Added Pin To Net: NetName=NetR12_1 Pin=R12-1
Added Net: Name=NetR12_1
Added Pin To Net: NetName=NetR13_1 Pin=R13-1
Added Pin To Net: NetName=NetR13_1 Pin=R16-2
Added Net: Name=NetR13_1
Added Pin To Net: NetName=NetR15_2 Pin=R15-2
Added Net: Name=NetR15_2
Added Pin To Net: NetName=NetR19_1 Pin=R19-1
Added Pin To Net: NetName=NetR19_1 Pin=U7-9
Added Net: Name=NetR19_1
Added Pin To Net: NetName=PGEC1 Pin=U2-22
Added Net: Name=PGEC1
Added Pin To Net: NetName=PGED1 Pin=P3-4
Added Pin To Net: NetName=PGED1 Pin=P3-4
Added Pin To Net: NetName=PGED1 Pin=U2-21
Added Net: Name=PGED1
Added Pin To Net: NetName=PIC_RASPI_RXD Pin=P1-8
Added Pin To Net: NetName=PIC_RASPI_RXD Pin=U2-25
Added Net: Name=PIC_RASPI_RXD
Added Pin To Net: NetName=PIC_RASPI_TXD Pin=P1-10
Added Pin To Net: NetName=PIC_RASPI_TXD Pin=U2-26
Added Net: Name=PIC_RASPI_TXD
Added Pin To Net: NetName=Pot_contraste Pin=R1-3
Added Pin To Net: NetName=Pot_contraste Pin=XDS1-3
Added Net: Name=Pot_contraste
Added Pin To Net: NetName=PowerOK Pin=R14-1
Added Pin To Net: NetName=PowerOK Pin=U2-36
Added Net: Name=PowerOK
Added Pin To Net: NetName=RG_LED_0 Pin=P2-1
Added Pin To Net: NetName=RG_LED_0 Pin=R17-2
Added Pin To Net: NetName=RG_LED_0 Pin=U2-30
Added Net: Name=RG_LED_0
Added Pin To Net: NetName=RG_LED_1 Pin=P2-2
Added Pin To Net: NetName=RG_LED_1 Pin=R18-2
Added Pin To Net: NetName=RG_LED_1 Pin=U2-31
Added Net: Name=RG_LED_1
Added Pin To Net: NetName=RTC_CS Pin=U2-33
Added Pin To Net: NetName=RTC_CS Pin=U7-4
Added Net: Name=RTC_CS
Added Pin To Net: NetName=S_D0 Pin=U1-3
Added Pin To Net: NetName=S_D0 Pin=U2-44
Added Net: Name=S_D0
Added Pin To Net: NetName=S_D1 Pin=U1-4
Added Pin To Net: NetName=S_D1 Pin=U2-1
Added Net: Name=S_D1
Added Pin To Net: NetName=S_D2 Pin=U1-5
Added Pin To Net: NetName=S_D2 Pin=U2-8
Added Net: Name=S_D2
Added Pin To Net: NetName=S_D3 Pin=U1-6
Added Pin To Net: NetName=S_D3 Pin=U2-9
Added Net: Name=S_D3
Added Pin To Net: NetName=S_D4 Pin=U1-7
Added Pin To Net: NetName=S_D4 Pin=U2-10
Added Net: Name=S_D4
Added Pin To Net: NetName=S_D5 Pin=U1-8
Added Pin To Net: NetName=S_D5 Pin=U2-11
Added Net: Name=S_D5
Added Pin To Net: NetName=S_D6 Pin=U1-9
Added Pin To Net: NetName=S_D6 Pin=U2-14
Added Net: Name=S_D6
Added Pin To Net: NetName=S_D7 Pin=U1-10
Added Pin To Net: NetName=S_D7 Pin=U2-15
Added Net: Name=S_D7
Added Pin To Net: NetName=S_E Pin=U2-43
Added Pin To Net: NetName=S_E Pin=XDS1-6
Added Net: Name=S_E
Added Pin To Net: NetName=S_RS Pin=U2-41
Added Pin To Net: NetName=S_RS Pin=XDS1-4
Added Net: Name=S_RS
Added Pin To Net: NetName=S_RW Pin=U2-42
Added Pin To Net: NetName=S_RW Pin=XDS1-5
Added Net: Name=S_RW
Added Pin To Net: NetName=SPI_SCK Pin=U2-37
Added Net: Name=SPI_SCK
Added Pin To Net: NetName=SPI_SI Pin=U2-38
Added Pin To Net: NetName=SPI_SI Pin=U3-2
Added Net: Name=SPI_SI
Added Pin To Net: NetName=SPI_SO Pin=U2-2
Added Net: Name=SPI_SO
Added Pin To Net: NetName=STATUS_BTN Pin=R9-2
Added Pin To Net: NetName=STATUS_BTN Pin=U2-24
Added Net: Name=STATUS_BTN
Added Pin To Net: NetName=TS_D0 Pin=U1-21
Added Pin To Net: NetName=TS_D0 Pin=XDS1-7
Added Net: Name=TS_D0
Added Pin To Net: NetName=TS_D1 Pin=U1-20
Added Pin To Net: NetName=TS_D1 Pin=XDS1-8
Added Net: Name=TS_D1
Added Pin To Net: NetName=TS_D2 Pin=U1-19
Added Pin To Net: NetName=TS_D2 Pin=XDS1-9
Added Net: Name=TS_D2
Added Pin To Net: NetName=TS_D3 Pin=U1-18
Added Pin To Net: NetName=TS_D3 Pin=XDS1-10
Added Net: Name=TS_D3
Added Pin To Net: NetName=TS_D4 Pin=U1-17
Added Pin To Net: NetName=TS_D4 Pin=XDS1-11
Added Net: Name=TS_D4
Added Pin To Net: NetName=TS_D5 Pin=U1-16
Added Pin To Net: NetName=TS_D5 Pin=XDS1-12
Added Net: Name=TS_D5
Added Pin To Net: NetName=TS_D6 Pin=U1-15
Added Pin To Net: NetName=TS_D6 Pin=XDS1-13
Added Net: Name=TS_D6
Added Pin To Net: NetName=TS_D7 Pin=U1-14
Added Pin To Net: NetName=TS_D7 Pin=XDS1-14
Added Net: Name=TS_D7
Added Pin To Net: NetName=TS_TR Pin=U1-2
Added Pin To Net: NetName=TS_TR Pin=U2-27
Added Net: Name=TS_TR
Added Pin To Net: NetName=Vbat Pin=U7-3
Added Net: Name=Vbat
Added Pin To Net: NetName=VPIC0 Pin=C8-1
Added Pin To Net: NetName=VPIC0 Pin=U2-40
Added Net: Name=VPIC0
Added Pin To Net: NetName=VPIC1 Pin=C10-2
Added Pin To Net: NetName=VPIC1 Pin=U2-28
Added Net: Name=VPIC1
Added Pin To Net: NetName=VPIC2 Pin=C12-1
Added Pin To Net: NetName=VPIC2 Pin=U2-17
Added Net: Name=VPIC2
Added Pin To Net: NetName=X1 Pin=C1-2
Added Pin To Net: NetName=X1 Pin=U7-1
Added Pin To Net: NetName=X1 Pin=Y1-1
Added Net: Name=X1
Added Pin To Net: NetName=X2 Pin=C2-2
Added Pin To Net: NetName=X2 Pin=U7-2
Added Pin To Net: NetName=X2 Pin=Y1-2
Added Net: Name=X2
Added Class: Name=Designator
Added Class: Name=Ecran
Added Class: Name=OTHER
Added Class: Name=PIC
Added Class: Name=Power
Added Class: Name=RG_LED_[0..1]
Added Class: Name=S_D[0..7]
Added Class: Name=VPIC[0..2]
Added Room: Name=Designator
Added Room: Name=Ecran
Added Room: Name=OTHER
Added Room: Name=PIC
Added Room: Name=Power
