Removed Member From Class: ClassName=RG_LED_[0..1] Member=RG_LED_0
Removed Member From Class: ClassName=RG_LED_[0..1] Member=RG_LED_1
Added Component: Designator=C1(0603)
Add component. Clean all parameters for all variants
Add component (AddParameter): Name = "Fabricant"; Value = "AVX"; VariantName = "[No Variations]"
Add component (AddParameter): Name = "Fournisseur"; Value = "Farnell"; VariantName = "[No Variations]"
Add component (AddParameter): Name = "Ref.Fabricant"; Value = "02013A180JAT2A"; VariantName = "[No Variations]"
Add component (AddParameter): Name = "Ref.Fournisseur"; Value = "1740563"; VariantName = "[No Variations]"
Added Component: Designator=C2(0603)
Add component. Clean all parameters for all variants
Add component (AddParameter): Name = "Fabricant"; Value = "AVX"; VariantName = "[No Variations]"
Add component (AddParameter): Name = "Fournisseur"; Value = "Farnell"; VariantName = "[No Variations]"
Add component (AddParameter): Name = "Ref.Fabricant"; Value = "02013A180JAT2A"; VariantName = "[No Variations]"
Add component (AddParameter): Name = "Ref.Fournisseur"; Value = "1740563"; VariantName = "[No Variations]"
Added Component: Designator=C3(C3)
Add component. Clean all parameters for all variants
Add component (AddParameter): Name = "Fabricant"; Value = "VISHAY"; VariantName = "[No Variations]"
Add component (AddParameter): Name = "Fournisseur"; Value = "Farnell"; VariantName = "[No Variations]"
Add component (AddParameter): Name = "Ref.Fabricant"; Value = "TL3C106K025C0450.."; VariantName = "[No Variations]"
Add component (AddParameter): Name = "Ref.Fournisseur"; Value = "2353238"; VariantName = "[No Variations]"
Added Component: Designator=C4(0603)
Add component. Clean all parameters for all variants
Add component (AddParameter): Name = "Fabricant"; Value = "WURTH ELECTRONIK"; VariantName = "[No Variations]"
Add component (AddParameter): Name = "Fournisseur"; Value = "Farnell"; VariantName = "[No Variations]"
Add component (AddParameter): Name = "Ref.Fabricant"; Value = "885342211005"; VariantName = "[No Variations]"
Add component (AddParameter): Name = "Ref.Fournisseur"; Value = "2812613"; VariantName = "[No Variations]"
Add component (AddParameter): Name = "Value"; Value = "100nF"; VariantName = "[No Variations]"
Added Component: Designator=C5(0603)
Add component. Clean all parameters for all variants
Add component (AddParameter): Name = "Fabricant"; Value = "Multicomp"; VariantName = "[No Variations]"
Add component (AddParameter): Name = "Fournisseur"; Value = "Farnell"; VariantName = "[No Variations]"
Add component (AddParameter): Name = "Ref.Fabricant"; Value = "MCY4C3B104M160CT"; VariantName = "[No Variations]"
Add component (AddParameter): Name = "Ref.Fournisseur"; Value = "2310273"; VariantName = "[No Variations]"
Add component (AddParameter): Name = "Value"; Value = "0.1uF"; VariantName = "[No Variations]"
Added Component: Designator=C6(0603)
Add component. Clean all parameters for all variants
Add component (AddParameter): Name = "Fabricant"; Value = "AVX"; VariantName = "[No Variations]"
Add component (AddParameter): Name = "Fournisseur"; Value = "Farnell"; VariantName = "[No Variations]"
Add component (AddParameter): Name = "Ref.Fabricant"; Value = "12103D226KAT2A"; VariantName = "[No Variations]"
Add component (AddParameter): Name = "Ref.Fournisseur"; Value = "1833829"; VariantName = "[No Variations]"
Add component (AddParameter): Name = "Value"; Value = "22uF"; VariantName = "[No Variations]"
Added Component: Designator=C7(0603)
Add component. Clean all parameters for all variants
Add component (AddParameter): Name = "Fabricant"; Value = "Multicomp"; VariantName = "[No Variations]"
Add component (AddParameter): Name = "Fournisseur"; Value = "Farnell"; VariantName = "[No Variations]"
Add component (AddParameter): Name = "Ref.Fabricant"; Value = "MCY4C3B104M160CT"; VariantName = "[No Variations]"
Add component (AddParameter): Name = "Ref.Fournisseur"; Value = "2310273"; VariantName = "[No Variations]"
Add component (AddParameter): Name = "Value"; Value = "0.1uF"; VariantName = "[No Variations]"
Added Component: Designator=C9(0603)
Add component. Clean all parameters for all variants
Add component (AddParameter): Name = "Fabricant"; Value = "Multicomp"; VariantName = "[No Variations]"
Add component (AddParameter): Name = "Fournisseur"; Value = "Farnell"; VariantName = "[No Variations]"
Add component (AddParameter): Name = "Ref.Fabricant"; Value = "MCY4C3B104M160CT"; VariantName = "[No Variations]"
Add component (AddParameter): Name = "Ref.Fournisseur"; Value = "2310273"; VariantName = "[No Variations]"
Add component (AddParameter): Name = "Value"; Value = "0.1uF"; VariantName = "[No Variations]"
Added Component: Designator=C11(0603)
Add component. Clean all parameters for all variants
Add component (AddParameter): Name = "Fabricant"; Value = "Multicomp"; VariantName = "[No Variations]"
Add component (AddParameter): Name = "Fournisseur"; Value = "Farnell"; VariantName = "[No Variations]"
Add component (AddParameter): Name = "Ref.Fabricant"; Value = "MCY4C3B104M160CT"; VariantName = "[No Variations]"
Add component (AddParameter): Name = "Ref.Fournisseur"; Value = "2310273"; VariantName = "[No Variations]"
Add component (AddParameter): Name = "Value"; Value = "0.1uF"; VariantName = "[No Variations]"
Added Component: Designator=C13(Condo_trav)
Add component. Clean all parameters for all variants
Add component (AddParameter): Name = "Fabricant"; Value = "Multicomp"; VariantName = "[No Variations]"
Add component (AddParameter): Name = "Fournisseur"; Value = "Farnell"; VariantName = "[No Variations]"
Add component (AddParameter): Name = "Ref.Fabricant"; Value = "MCGLR16V108M10X16"; VariantName = "[No Variations]"
Add component (AddParameter): Name = "Ref.Fournisseur"; Value = "1902972"; VariantName = "[No Variations]"
Added Component: Designator=C14(0603)
Add component. Clean all parameters for all variants
Add component (AddParameter): Name = "Fabricant"; Value = "CAHIER"; VariantName = "[No Variations]"
Add component (AddParameter): Name = "Fournisseur"; Value = "CAHIER"; VariantName = "[No Variations]"
Add component (AddParameter): Name = "Ref.Fabricant"; Value = "CAHIER"; VariantName = "[No Variations]"
Add component (AddParameter): Name = "Ref.Fournisseur"; Value = "CAHIER"; VariantName = "[No Variations]"
Add component (AddParameter): Name = "Value"; Value = "100uF"; VariantName = "[No Variations]"
Added Component: Designator=C15(Condo_trav)
Add component. Clean all parameters for all variants
Add component (AddParameter): Name = "Fabricant"; Value = "Multicomp"; VariantName = "[No Variations]"
Add component (AddParameter): Name = "Fournisseur"; Value = "Farnell"; VariantName = "[No Variations]"
Add component (AddParameter): Name = "Ref.Fabricant"; Value = "MCGLR16V108M10X16"; VariantName = "[No Variations]"
Add component (AddParameter): Name = "Ref.Fournisseur"; Value = "1902972"; VariantName = "[No Variations]"
Added Component: Designator=C16(0603)
Add component. Clean all parameters for all variants
Add component (AddParameter): Name = "Fabricant"; Value = "CAHIER"; VariantName = "[No Variations]"
Add component (AddParameter): Name = "Fournisseur"; Value = "CAHIER"; VariantName = "[No Variations]"
Add component (AddParameter): Name = "Ref.Fabricant"; Value = "CAHIER"; VariantName = "[No Variations]"
Add component (AddParameter): Name = "Ref.Fournisseur"; Value = "CAHIER"; VariantName = "[No Variations]"
Add component (AddParameter): Name = "Value"; Value = "100uF"; VariantName = "[No Variations]"
Added Component: Designator=C17(Condo_trav)
Add component. Clean all parameters for all variants
Add component (AddParameter): Name = "Fabricant"; Value = "Multicomp"; VariantName = "[No Variations]"
Add component (AddParameter): Name = "Fournisseur"; Value = "Farnell"; VariantName = "[No Variations]"
Add component (AddParameter): Name = "Ref.Fabricant"; Value = "MCGLR16V108M10X16"; VariantName = "[No Variations]"
Add component (AddParameter): Name = "Ref.Fournisseur"; Value = "1902972"; VariantName = "[No Variations]"
Added Component: Designator=D1(DiodeZin)
Add component. Clean all parameters for all variants
Add component (AddParameter): Name = "Fabricant"; Value = "ON SEMICONDUCTOR"; VariantName = "[No Variations]"
Add component (AddParameter): Name = "Fournisseur"; Value = "Farnell"; VariantName = "[No Variations]"
Add component (AddParameter): Name = "Ref.Fabricant"; Value = "MM3Z15VB"; VariantName = "[No Variations]"
Add component (AddParameter): Name = "Ref.Fournisseur"; Value = "2453991"; VariantName = "[No Variations]"
Added Component: Designator=D2(DO214AB SMC)
Add component. Clean all parameters for all variants
Add component (AddParameter): Name = "Fabricant"; Value = "OnSemiconductor"; VariantName = "[No Variations]"
Add component (AddParameter): Name = "Fournisseur"; Value = "Farnell"; VariantName = "[No Variations]"
Add component (AddParameter): Name = "Ref.Fabricant"; Value = "MBRS330T3G"; VariantName = "[No Variations]"
Add component (AddParameter): Name = "Ref.Fournisseur"; Value = "1459078"; VariantName = "[No Variations]"
Added Component: Designator=D3(DO214AB SMC)
Add component. Clean all parameters for all variants
Add component (AddParameter): Name = "Fabricant"; Value = "OnSemiconductor"; VariantName = "[No Variations]"
Add component (AddParameter): Name = "Fournisseur"; Value = "Farnell"; VariantName = "[No Variations]"
Add component (AddParameter): Name = "Ref.Fabricant"; Value = "MBRS330T3G"; VariantName = "[No Variations]"
Add component (AddParameter): Name = "Ref.Fournisseur"; Value = "1459078"; VariantName = "[No Variations]"
Added Component: Designator=F1(FUSIBLE)
Add component. Clean all parameters for all variants
Add component (AddParameter): Name = "Fabricant"; Value = "Littelfuse"; VariantName = "[No Variations]"
Add component (AddParameter): Name = "Fournisseur"; Value = "Farnell"; VariantName = "[No Variations]"
Add component (AddParameter): Name = "Ref.Fabricant"; Value = "39515000000"; VariantName = "[No Variations]"
Add component (AddParameter): Name = "Ref.Fournisseur"; Value = "1596504"; VariantName = "[No Variations]"
Added Component: Designator=L1(L1L2)
Add component. Clean all parameters for all variants
Add component (AddParameter): Name = "Fabricant"; Value = "CAHIER"; VariantName = "[No Variations]"
Add component (AddParameter): Name = "Fournisseur"; Value = "CAHIER"; VariantName = "[No Variations]"
Add component (AddParameter): Name = "Ref.Fabricant"; Value = "100uH"; VariantName = "[No Variations]"
Add component (AddParameter): Name = "Ref.Fournisseur"; Value = "CAHIER"; VariantName = "[No Variations]"
Add component (AddParameter): Name = "Value"; Value = "100uH"; VariantName = "[No Variations]"
Added Component: Designator=L2(L1L2)
Add component. Clean all parameters for all variants
Add component (AddParameter): Name = "Fabricant"; Value = "CAHIER"; VariantName = "[No Variations]"
Add component (AddParameter): Name = "Fournisseur"; Value = "CAHIER"; VariantName = "[No Variations]"
Add component (AddParameter): Name = "Ref.Fabricant"; Value = "68uH"; VariantName = "[No Variations]"
Add component (AddParameter): Name = "Ref.Fournisseur"; Value = "CAHIER"; VariantName = "[No Variations]"
Add component (AddParameter): Name = "Value"; Value = "68uH"; VariantName = "[No Variations]"
Added Component: Designator=P1(Connect2x20)
Add component. Clean all parameters for all variants
Add component (AddParameter): Name = "Fabricant"; Value = "WURTH ELECTRONIK"; VariantName = "[No Variations]"
Add component (AddParameter): Name = "Fournisseur"; Value = "Farnell"; VariantName = "[No Variations]"
Add component (AddParameter): Name = "Ref.Fabricant"; Value = "61304021121"; VariantName = "[No Variations]"
Add component (AddParameter): Name = "Ref.Fournisseur"; Value = "2356148"; VariantName = "[No Variations]"
Added Component: Designator=P2(Bornier12)
Add component. Clean all parameters for all variants
Add component (AddParameter): Name = "Fabricant"; Value = "METZ CONNECT"; VariantName = "[No Variations]"
Add component (AddParameter): Name = "Fournisseur"; Value = "Farnell"; VariantName = "[No Variations]"
Add component (AddParameter): Name = "Ref.Fabricant"; Value = "31101112"; VariantName = "[No Variations]"
Add component (AddParameter): Name = "Ref.Fournisseur"; Value = "1909750"; VariantName = "[No Variations]"
Added Component: Designator=P3(RJ12)
Add component. Clean all parameters for all variants
Add component (AddParameter): Name = "Fabricant"; Value = "Amphenol ICC"; VariantName = "[No Variations]"
Add component (AddParameter): Name = "Fournisseur"; Value = "Farnell"; VariantName = "[No Variations]"
Add component (AddParameter): Name = "Ref.Fabricant"; Value = "90512-001LF"; VariantName = "[No Variations]"
Add component (AddParameter): Name = "Ref.Fournisseur"; Value = "1097914"; VariantName = "[No Variations]"
Added Component: Designator=P4(JackAlim)
Add component. Clean all parameters for all variants
Add component (AddParameter): Name = "Fabricant"; Value = "CLIFF"; VariantName = "[No Variations]"
Add component (AddParameter): Name = "Fournisseur"; Value = "Farnell"; VariantName = "[No Variations]"
Add component (AddParameter): Name = "Ref.Fabricant"; Value = "FC681465P"; VariantName = "[No Variations]"
Add component (AddParameter): Name = "Ref.Fournisseur"; Value = "1854512"; VariantName = "[No Variations]"
Added Component: Designator=PS1(Pile)
Add component. Clean all parameters for all variants
Add component (AddParameter): Name = "Fabricant"; Value = "Renata"; VariantName = "[No Variations]"
Add component (AddParameter): Name = "Fournisseur"; Value = "Farnell"; VariantName = "[No Variations]"
Add component (AddParameter): Name = "Ref.Fabricant"; Value = "SMTU-1225-1-LF"; VariantName = "[No Variations]"
Add component (AddParameter): Name = "Ref.Fournisseur"; Value = "1216353"; VariantName = "[No Variations]"
Added Component: Designator=Q1(MOSFETN)
Add component. Clean all parameters for all variants
Add component (AddParameter): Name = "Fabricant"; Value = "Nexperia"; VariantName = "[No Variations]"
Add component (AddParameter): Name = "Fournisseur"; Value = "Farnell"; VariantName = "[No Variations]"
Add component (AddParameter): Name = "Ref.Fabricant"; Value = "BUK7M42-60EX"; VariantName = "[No Variations]"
Add component (AddParameter): Name = "Ref.Fournisseur"; Value = "2760371"; VariantName = "[No Variations]"
Added Component: Designator=Q2(MOSFETN)
Add component. Clean all parameters for all variants
Add component (AddParameter): Name = "Fabricant"; Value = "Nexperia"; VariantName = "[No Variations]"
Add component (AddParameter): Name = "Fournisseur"; Value = "Farnell"; VariantName = "[No Variations]"
Add component (AddParameter): Name = "Ref.Fabricant"; Value = "BUK7M42-60EX"; VariantName = "[No Variations]"
Add component (AddParameter): Name = "Ref.Fournisseur"; Value = "2760371"; VariantName = "[No Variations]"
Added Component: Designator=R1(POTARD)
Add component. Clean all parameters for all variants
Add component (AddParameter): Name = "Fabricant"; Value = "VISHAY"; VariantName = "[No Variations]"
Add component (AddParameter): Name = "Fournisseur"; Value = "Farnell"; VariantName = "[No Variations]"
Add component (AddParameter): Name = "Ref.Fabricant"; Value = "M63S203KB40"; VariantName = "[No Variations]"
Add component (AddParameter): Name = "Ref.Fournisseur"; Value = "9609822"; VariantName = "[No Variations]"
Added Component: Designator=R2(0603)
Add component. Clean all parameters for all variants
Add component (AddParameter): Name = "Fabricant"; Value = "MULTICOMP"; VariantName = "[No Variations]"
Add component (AddParameter): Name = "Fournisseur"; Value = "Farnell"; VariantName = "[No Variations]"
Add component (AddParameter): Name = "Ref.Fabricant"; Value = "MCSR08X3003FTL"; VariantName = "[No Variations]"
Add component (AddParameter): Name = "Ref.Fournisseur"; Value = "2074433"; VariantName = "[No Variations]"
Add component (AddParameter): Name = "Value"; Value = "300k"; VariantName = "[No Variations]"
Added Component: Designator=R3(0603)
Add component. Clean all parameters for all variants
Add component (AddParameter): Name = "Fabricant"; Value = "MULTICOMP"; VariantName = "[No Variations]"
Add component (AddParameter): Name = "Fournisseur"; Value = "Farnell"; VariantName = "[No Variations]"
Add component (AddParameter): Name = "Ref.Fabricant"; Value = "MCSR08X3003FTL"; VariantName = "[No Variations]"
Add component (AddParameter): Name = "Ref.Fournisseur"; Value = "2074433"; VariantName = "[No Variations]"
Add component (AddParameter): Name = "Value"; Value = "300k"; VariantName = "[No Variations]"
Added Component: Designator=R4(0603)
Add component. Clean all parameters for all variants
Add component (AddParameter): Name = "Fabricant"; Value = "MULTICOMP"; VariantName = "[No Variations]"
Add component (AddParameter): Name = "Fournisseur"; Value = "Farnell"; VariantName = "[No Variations]"
Add component (AddParameter): Name = "Ref.Fabricant"; Value = "MCWR06X1003FTL"; VariantName = "[No Variations]"
Add component (AddParameter): Name = "Ref.Fournisseur"; Value = "2447226"; VariantName = "[No Variations]"
Add component (AddParameter): Name = "Value"; Value = "100k"; VariantName = "[No Variations]"
Added Component: Designator=R5(0603)
Add component. Clean all parameters for all variants
Add component (AddParameter): Name = "Fabricant"; Value = "MULTICOMP"; VariantName = "[No Variations]"
Add component (AddParameter): Name = "Fournisseur"; Value = "Farnell"; VariantName = "[No Variations]"
Add component (AddParameter): Name = "Ref.Fabricant"; Value = "MCWR06X1003FTL"; VariantName = "[No Variations]"
Add component (AddParameter): Name = "Ref.Fournisseur"; Value = "2447226"; VariantName = "[No Variations]"
Add component (AddParameter): Name = "Value"; Value = "100k"; VariantName = "[No Variations]"
Added Component: Designator=R6(0603)
Add component. Clean all parameters for all variants
Add component (AddParameter): Name = "Fabricant"; Value = "TE Connectivity"; VariantName = "[No Variations]"
Add component (AddParameter): Name = "Fournisseur"; Value = "Farnell"; VariantName = "[No Variations]"
Add component (AddParameter): Name = "Ref.Fabricant"; Value = "RN73C1J232RBTDF"; VariantName = "[No Variations]"
Add component (AddParameter): Name = "Ref.Fournisseur"; Value = "2687973"; VariantName = "[No Variations]"
Added Component: Designator=R10(0603)
Add component. Clean all parameters for all variants
Add component (AddParameter): Name = "Fabricant"; Value = "TE CONNECTIVITY"; VariantName = "[No Variations]"
Add component (AddParameter): Name = "Fournisseur"; Value = "Farnell"; VariantName = "[No Variations]"
Add component (AddParameter): Name = "Ref.Fabricant"; Value = "CPF0201D10KC1"; VariantName = "[No Variations]"
Add component (AddParameter): Name = "Ref.Fournisseur"; Value = "2117887"; VariantName = "[No Variations]"
Add component (AddParameter): Name = "Value"; Value = "10k"; VariantName = "[No Variations]"
Added Component: Designator=R11(0603)
Add component. Clean all parameters for all variants
Add component (AddParameter): Name = "Fabricant"; Value = "TE CONNECTIVITY"; VariantName = "[No Variations]"
Add component (AddParameter): Name = "Fournisseur"; Value = "Farnell"; VariantName = "[No Variations]"
Add component (AddParameter): Name = "Ref.Fabricant"; Value = "CPF0201D1K0E1"; VariantName = "[No Variations]"
Add component (AddParameter): Name = "Ref.Fournisseur"; Value = "2117780"; VariantName = "[No Variations]"
Add component (AddParameter): Name = "Value"; Value = "1K"; VariantName = "[No Variations]"
Added Component: Designator=R13(0603)
Add component. Clean all parameters for all variants
Add component (AddParameter): Name = "Fabricant"; Value = "MULTICOMP"; VariantName = "[No Variations]"
Add component (AddParameter): Name = "Fournisseur"; Value = "Farnell"; VariantName = "[No Variations]"
Add component (AddParameter): Name = "Ref.Fabricant"; Value = "MCSR08X3003FTL"; VariantName = "[No Variations]"
Add component (AddParameter): Name = "Ref.Fournisseur"; Value = "2074433"; VariantName = "[No Variations]"
Add component (AddParameter): Name = "Value"; Value = "300k"; VariantName = "[No Variations]"
Added Component: Designator=R14(0603)
Add component. Clean all parameters for all variants
Add component (AddParameter): Name = "Fabricant"; Value = "TE Connectivity"; VariantName = "[No Variations]"
Add component (AddParameter): Name = "Fournisseur"; Value = "Farnell"; VariantName = "[No Variations]"
Add component (AddParameter): Name = "Ref.Fabricant"; Value = "RN73C1J232RBTDF"; VariantName = "[No Variations]"
Add component (AddParameter): Name = "Ref.Fournisseur"; Value = "2687973"; VariantName = "[No Variations]"
Added Component: Designator=R16(0603)
Add component. Clean all parameters for all variants
Add component (AddParameter): Name = "Fabricant"; Value = "MULTICOMP"; VariantName = "[No Variations]"
Add component (AddParameter): Name = "Fournisseur"; Value = "Farnell"; VariantName = "[No Variations]"
Add component (AddParameter): Name = "Ref.Fabricant"; Value = "MCWR06X1003FTL"; VariantName = "[No Variations]"
Add component (AddParameter): Name = "Ref.Fournisseur"; Value = "2447226"; VariantName = "[No Variations]"
Add component (AddParameter): Name = "Value"; Value = "100k"; VariantName = "[No Variations]"
Added Component: Designator=R17(0603)
Add component. Clean all parameters for all variants
Add component (AddParameter): Name = "Fabricant"; Value = "TE CONNECTIVITY"; VariantName = "[No Variations]"
Add component (AddParameter): Name = "Fournisseur"; Value = "Farnell"; VariantName = "[No Variations]"
Add component (AddParameter): Name = "Ref.Fabricant"; Value = "RP73PF1E60R4BTDF"; VariantName = "[No Variations]"
Add component (AddParameter): Name = "Ref.Fournisseur"; Value = "2838800"; VariantName = "[No Variations]"
Add component (AddParameter): Name = "Value"; Value = "60.4o"; VariantName = "[No Variations]"
Added Component: Designator=R18(0603)
Add component. Clean all parameters for all variants
Add component (AddParameter): Name = "Fabricant"; Value = "TE CONNECTIVITY"; VariantName = "[No Variations]"
Add component (AddParameter): Name = "Fournisseur"; Value = "Farnell"; VariantName = "[No Variations]"
Add component (AddParameter): Name = "Ref.Fabricant"; Value = "CPF0805B75RE1"; VariantName = "[No Variations]"
Add component (AddParameter): Name = "Ref.Fournisseur"; Value = "1697415"; VariantName = "[No Variations]"
Add component (AddParameter): Name = "Value"; Value = "75o"; VariantName = "[No Variations]"
Added Component: Designator=R19(0603)
Add component. Clean all parameters for all variants
Add component (AddParameter): Name = "Fabricant"; Value = "TE Connectivity"; VariantName = "[No Variations]"
Add component (AddParameter): Name = "Fournisseur"; Value = "Farnell"; VariantName = "[No Variations]"
Add component (AddParameter): Name = "Ref.Fabricant"; Value = "RN73C1J232RBTDF"; VariantName = "[No Variations]"
Add component (AddParameter): Name = "Ref.Fournisseur"; Value = "2687973"; VariantName = "[No Variations]"
Added Component: Designator=S1(SPST-2)
Add component. Clean all parameters for all variants
Add component (AddParameter): Name = "Fabricant"; Value = "RAFI"; VariantName = "[No Variations]"
Add component (AddParameter): Name = "Fournisseur"; Value = "Farnell"; VariantName = "[No Variations]"
Add component (AddParameter): Name = "Ref.Fabricant"; Value = "1.10.001.001/0205"; VariantName = "[No Variations]"
Add component (AddParameter): Name = "Ref.Fournisseur"; Value = "9927360"; VariantName = "[No Variations]"
Added Component: Designator=U1(TRANS)
Add component. Clean all parameters for all variants
Add component (AddParameter): Name = "Fabricant"; Value = "ON SEMICONDUCTOR"; VariantName = "[No Variations]"
Add component (AddParameter): Name = "Fournisseur"; Value = "Farnell"; VariantName = "[No Variations]"
Add component (AddParameter): Name = "Ref.Fabricant"; Value = "74LVX4245MTCX"; VariantName = "[No Variations]"
Add component (AddParameter): Name = "Ref.Fournisseur"; Value = "1467357"; VariantName = "[No Variations]"
Added Component: Designator=U2(TQFP-44_L)
Add component. Clean all parameters for all variants
Add component (AddParameter): Name = "Fabricant"; Value = "MICROCHIP"; VariantName = "[No Variations]"
Add component (AddParameter): Name = "Fournisseur"; Value = "Farnell"; VariantName = "[No Variations]"
Add component (AddParameter): Name = "Ref.Fabricant"; Value = "PIC32MX110F016D-I/PT"; VariantName = "[No Variations]"
Add component (AddParameter): Name = "Ref.Fournisseur"; Value = "2057068"; VariantName = "[No Variations]"
Added Component: Designator=U3(SOIC208-8_L)
Add component. Clean all parameters for all variants
Add component (AddParameter): Name = "Fabricant"; Value = "Microchip"; VariantName = "[No Variations]"
Add component (AddParameter): Name = "Fournisseur"; Value = "Farnell"; VariantName = "[No Variations]"
Add component (AddParameter): Name = "Ref.Fabricant"; Value = "SST25VF016B-50-4I-S2AF-T"; VariantName = "[No Variations]"
Add component (AddParameter): Name = "Ref.Fournisseur"; Value = "2774943"; VariantName = "[No Variations]"
Added Component: Designator=U4(CONVERTTENSIONTEXAS)
Add component. Clean all parameters for all variants
Add component (AddParameter): Name = "Fabricant"; Value = "TEXAS INSTRUMENTS"; VariantName = "[No Variations]"
Add component (AddParameter): Name = "Fournisseur"; Value = "Farnell"; VariantName = "[No Variations]"
Add component (AddParameter): Name = "Ref.Fabricant"; Value = "LM2576HVT-5.0/NOPB"; VariantName = "[No Variations]"
Add component (AddParameter): Name = "Ref.Fournisseur"; Value = "1469176"; VariantName = "[No Variations]"
Added Component: Designator=U5(CONVERTTENSIONTEXAS)
Add component. Clean all parameters for all variants
Add component (AddParameter): Name = "Fabricant"; Value = "TEXAS INSTRUMENTS"; VariantName = "[No Variations]"
Add component (AddParameter): Name = "Fournisseur"; Value = "Farnell"; VariantName = "[No Variations]"
Add component (AddParameter): Name = "Ref.Fabricant"; Value = "LM2576T-3.3/NOPB"; VariantName = "[No Variations]"
Add component (AddParameter): Name = "Ref.Fournisseur"; Value = "2382916"; VariantName = "[No Variations]"
Added Component: Designator=U6(LM809)
Add component. Clean all parameters for all variants
Add component (AddParameter): Name = "Fabricant"; Value = "TEXAS INSTRUMENTS"; VariantName = "[No Variations]"
Add component (AddParameter): Name = "Fournisseur"; Value = "Farnell"; VariantName = "[No Variations]"
Add component (AddParameter): Name = "Ref.Fabricant"; Value = "LM809M3-3.08/NOPB"; VariantName = "[No Variations]"
Add component (AddParameter): Name = "Ref.Fournisseur"; Value = "2352609"; VariantName = "[No Variations]"
Added Component: Designator=U7(rtc)
Add component. Clean all parameters for all variants
Add component (AddParameter): Name = "Fabricant"; Value = "Microchip"; VariantName = "[No Variations]"
Add component (AddParameter): Name = "Fournisseur"; Value = "Farnell"; VariantName = "[No Variations]"
Add component (AddParameter): Name = "Ref.Fabricant"; Value = "MCP79510-I/MS"; VariantName = "[No Variations]"
Add component (AddParameter): Name = "Ref.Fournisseur"; Value = "2361124"; VariantName = "[No Variations]"
Added Component: Designator=XDS1(HDR1X16)
Add component. Clean all parameters for all variants
Add component (AddParameter): Name = "Fabricant"; Value = "AMP-TE CONNECTIVITY"; VariantName = "[No Variations]"
Add component (AddParameter): Name = "Fournisseur"; Value = "Farnell"; VariantName = "[No Variations]"
Add component (AddParameter): Name = "Ref.Fabricant"; Value = "1-826629-6"; VariantName = "[No Variations]"
Add component (AddParameter): Name = "Ref.Fournisseur"; Value = "1248124"; VariantName = "[No Variations]"
Added Component: Designator=Y1(QUARTZ32KHz)
Add component. Clean all parameters for all variants
Add component (AddParameter): Name = "Fabricant"; Value = "ABRACON"; VariantName = "[No Variations]"
Add component (AddParameter): Name = "Fournisseur"; Value = "Farnell"; VariantName = "[No Variations]"
Add component (AddParameter): Name = "Ref.Fabricant"; Value = "ABS07-32.768KHZ-7-T"; VariantName = "[No Variations]"
Add component (AddParameter): Name = "Ref.Fournisseur"; Value = "1838935"; VariantName = "[No Variations]"
Added Pin To Net: NetName=GND Pin=C1-1
Added Pin To Net: NetName=X1 Pin=C1-2
Added Pin To Net: NetName=GND Pin=C2-1
Added Pin To Net: NetName=X2 Pin=C2-2
Added Pin To Net: NetName=NetC3_1 Pin=C3-1
Added Pin To Net: NetName=GND Pin=C3-2
Added Pin To Net: NetName=GND Pin=C4-1
Added Pin To Net: NetName=STATUS_BTN Pin=C4-2
Added Pin To Net: NetName=GND Pin=C5-1
Added Pin To Net: NetName=NetC5_2 Pin=C5-2
Added Pin To Net: NetName=GND Pin=C6-1
Added Pin To Net: NetName=3.3VDC Pin=C6-2
Added Pin To Net: NetName=3.3VDC Pin=C7-1
Added Pin To Net: NetName=GND Pin=C7-2
Added Pin To Net: NetName=3.3VDC Pin=C9-1
Added Pin To Net: NetName=GND Pin=C9-2
Added Pin To Net: NetName=3.3VDC Pin=C11-1
Added Pin To Net: NetName=GND Pin=C11-2
Added Pin To Net: NetName=GND Pin=C13-1
Added Pin To Net: NetName=12VDC Pin=C13-2
Added Pin To Net: NetName=12VDC Pin=C14-1
Added Pin To Net: NetName=GND Pin=C14-2
Added Pin To Net: NetName=GND Pin=C15-1
Added Pin To Net: NetName=5VDC Pin=C15-2
Added Pin To Net: NetName=12VDC Pin=C16-1
Added Pin To Net: NetName=GND Pin=C16-2
Added Pin To Net: NetName=GND Pin=C17-1
Added Pin To Net: NetName=5VDC Pin=C17-2
Added Pin To Net: NetName=12VDC Pin=D1-1
Added Pin To Net: NetName=GND Pin=D1-3
Added Pin To Net: NetName=GND Pin=D2-1
Added Pin To Net: NetName=GND Pin=D3-1
Added Pin To Net: NetName=NetF1_1 Pin=F1-1
Added Pin To Net: NetName=12VDC Pin=F1-2
Added Pin To Net: NetName=5VDC Pin=L1-2
Added Pin To Net: NetName=5VDC Pin=L2-2
Added Pin To Net: NetName=5VDC Pin=P1-2
Added Pin To Net: NetName=GND Pin=P1-6
Added Pin To Net: NetName=PIC_RASPI_RXD Pin=P1-8
Added Pin To Net: NetName=PIC_RASPI_TXD Pin=P1-10
Added Pin To Net: NetName=NetP2_1 Pin=P2-1
Added Pin To Net: NetName=NetP2_2 Pin=P2-2
Added Pin To Net: NetName=Cmd_servo Pin=P2-3
Added Pin To Net: NetName=3.3VDC Pin=P2-4
Added Pin To Net: NetName=GND Pin=P2-5
Added Pin To Net: NetName=STATUS_BTN Pin=P2-6
Added Pin To Net: NetName=CR_LED_R_CTRL Pin=P2-7
Added Pin To Net: NetName=CR_LED_G_CTRL Pin=P2-8
Added Pin To Net: NetName=GND Pin=P2-9
Added Pin To Net: NetName=CR_DATA0_12V Pin=P2-10
Added Pin To Net: NetName=CR_DATA1_12V Pin=P2-11
Added Pin To Net: NetName=12VDC Pin=P2-12
Added Pin To Net: NetName=MCLR Pin=P3-1
Added Pin To Net: NetName=3.3VDC Pin=P3-2
Added Pin To Net: NetName=GND Pin=P3-3
Added Pin To Net: NetName=GND Pin=P3-3
Added Pin To Net: NetName=PGED1 Pin=P3-4
Added Pin To Net: NetName=PGED1 Pin=P3-4
Added Pin To Net: NetName=NetF1_1 Pin=P4-1
Added Pin To Net: NetName=GND Pin=P4-3
Added Pin To Net: NetName=Vbat Pin=PS1-1
Added Pin To Net: NetName=GND Pin=PS1-2
Added Pin To Net: NetName=CR_LED_R_CTRL Pin=Q1-1
Added Pin To Net: NetName=CR_LED_R_CTRL Pin=Q1-1
Added Pin To Net: NetName=CR_LED_R_CTRL Pin=Q1-1
Added Pin To Net: NetName=CR_LED_R_CTRL Pin=Q1-1
Added Pin To Net: NetName=CR_LED_R Pin=Q1-2
Added Pin To Net: NetName=GND Pin=Q1-3
Added Pin To Net: NetName=GND Pin=Q1-3
Added Pin To Net: NetName=GND Pin=Q1-3
Added Pin To Net: NetName=CR_LED_G_CTRL Pin=Q2-1
Added Pin To Net: NetName=CR_LED_G_CTRL Pin=Q2-1
Added Pin To Net: NetName=CR_LED_G_CTRL Pin=Q2-1
Added Pin To Net: NetName=CR_LED_G_CTRL Pin=Q2-1
Added Pin To Net: NetName=CR_LED_G Pin=Q2-2
Added Pin To Net: NetName=GND Pin=Q2-3
Added Pin To Net: NetName=GND Pin=Q2-3
Added Pin To Net: NetName=GND Pin=Q2-3
Added Pin To Net: NetName=5VDC Pin=R1-1
Added Pin To Net: NetName=Pot_contraste Pin=R1-2
Added Pin To Net: NetName=GND Pin=R1-3
Added Pin To Net: NetName=CR_DATA0_3V Pin=R2-1
Added Pin To Net: NetName=CR_DATA0_12V Pin=R2-2
Added Pin To Net: NetName=CR_DATA1_3V Pin=R3-1
Added Pin To Net: NetName=CR_DATA1_12V Pin=R3-2
Added Pin To Net: NetName=GND Pin=R4-1
Added Pin To Net: NetName=CR_DATA0_3V Pin=R4-2
Added Pin To Net: NetName=GND Pin=R5-1
Added Pin To Net: NetName=CR_DATA1_3V Pin=R5-2
Added Pin To Net: NetName=3.3VDC Pin=R6-1
Added Pin To Net: NetName=STATUS_BTN Pin=R6-2
Added Pin To Net: NetName=NetC5_2 Pin=R10-1
Added Pin To Net: NetName=3.3VDC Pin=R10-2
Added Pin To Net: NetName=NetC5_2 Pin=R11-1
Added Pin To Net: NetName=MCLR Pin=R11-2
Added Pin To Net: NetName=U6_Vcc Pin=R13-1
Added Pin To Net: NetName=12VDC Pin=R13-2
Added Pin To Net: NetName=PowerOK Pin=R14-1
Added Pin To Net: NetName=3.3VDC Pin=R14-2
Added Pin To Net: NetName=GND Pin=R16-1
Added Pin To Net: NetName=U6_Vcc Pin=R16-2
Added Pin To Net: NetName=RG_LED0 Pin=R17-1
Added Pin To Net: NetName=NetP2_1 Pin=R17-2
Added Pin To Net: NetName=RG_LED1 Pin=R18-1
Added Pin To Net: NetName=NetP2_2 Pin=R18-2
Added Pin To Net: NetName=NetR19_1 Pin=R19-1
Added Pin To Net: NetName=3.3VDC Pin=R19-2
Added Pin To Net: NetName=GND Pin=S1-2
Added Pin To Net: NetName=3.3VDC Pin=U1-1
Added Pin To Net: NetName=TS_TR Pin=U1-2
Added Pin To Net: NetName=S_D0 Pin=U1-3
Added Pin To Net: NetName=S_D1 Pin=U1-4
Added Pin To Net: NetName=S_D2 Pin=U1-5
Added Pin To Net: NetName=S_D3 Pin=U1-6
Added Pin To Net: NetName=S_D4 Pin=U1-7
Added Pin To Net: NetName=S_D5 Pin=U1-8
Added Pin To Net: NetName=S_D6 Pin=U1-9
Added Pin To Net: NetName=S_D7 Pin=U1-10
Added Pin To Net: NetName=GND Pin=U1-11
Added Pin To Net: NetName=GND Pin=U1-12
Added Pin To Net: NetName=GND Pin=U1-13
Added Pin To Net: NetName=TS_D7 Pin=U1-14
Added Pin To Net: NetName=TS_D6 Pin=U1-15
Added Pin To Net: NetName=TS_D5 Pin=U1-16
Added Pin To Net: NetName=TS_D4 Pin=U1-17
Added Pin To Net: NetName=TS_D3 Pin=U1-18
Added Pin To Net: NetName=TS_D2 Pin=U1-19
Added Pin To Net: NetName=TS_D1 Pin=U1-20
Added Pin To Net: NetName=TS_D0 Pin=U1-21
Added Pin To Net: NetName=GND Pin=U1-22
Added Pin To Net: NetName=5VDC Pin=U1-23
Added Pin To Net: NetName=5VDC Pin=U1-24
Added Pin To Net: NetName=S_D1 Pin=U2-1
Added Pin To Net: NetName=SPI_SO Pin=U2-2
Added Pin To Net: NetName=FLSH_CE Pin=U2-3
Added Pin To Net: NetName=GND Pin=U2-6
Added Pin To Net: NetName=NetC3_1 Pin=U2-7
Added Pin To Net: NetName=S_D2 Pin=U2-8
Added Pin To Net: NetName=S_D3 Pin=U2-9
Added Pin To Net: NetName=S_D4 Pin=U2-10
Added Pin To Net: NetName=S_D5 Pin=U2-11
Added Pin To Net: NetName=CR_LED_G Pin=U2-12
Added Pin To Net: NetName=CR_DATA0_3V Pin=U2-13
Added Pin To Net: NetName=S_D6 Pin=U2-14
Added Pin To Net: NetName=S_D7 Pin=U2-15
Added Pin To Net: NetName=GND Pin=U2-16
Added Pin To Net: NetName=3.3VDC Pin=U2-17
Added Pin To Net: NetName=MCLR Pin=U2-18
Added Pin To Net: NetName=GND Pin=U2-20
Added Pin To Net: NetName=PGED1 Pin=U2-21
Added Pin To Net: NetName=PGEC1 Pin=U2-22
Added Pin To Net: NetName=Cmd_servo Pin=U2-23
Added Pin To Net: NetName=STATUS_BTN Pin=U2-24
Added Pin To Net: NetName=PIC_RASPI_RXD Pin=U2-25
Added Pin To Net: NetName=PIC_RASPI_TXD Pin=U2-26
Added Pin To Net: NetName=TS_TR Pin=U2-27
Added Pin To Net: NetName=3.3VDC Pin=U2-28
Added Pin To Net: NetName=GND Pin=U2-29
Added Pin To Net: NetName=RG_LED_0 Pin=U2-30
Added Pin To Net: NetName=RG_LED_1 Pin=U2-31
Added Pin To Net: NetName=CR_DATA1_3V Pin=U2-32
Added Pin To Net: NetName=RTC_CS Pin=U2-33
Added Pin To Net: NetName=CR_LED_R Pin=U2-35
Added Pin To Net: NetName=PowerOK Pin=U2-36
Added Pin To Net: NetName=SPI_SCK Pin=U2-37
Added Pin To Net: NetName=SPI_SI Pin=U2-38
Added Pin To Net: NetName=GND Pin=U2-39
Added Pin To Net: NetName=3.3VDC Pin=U2-40
Added Pin To Net: NetName=S_RS Pin=U2-41
Added Pin To Net: NetName=S_RW Pin=U2-42
Added Pin To Net: NetName=S_E Pin=U2-43
Added Pin To Net: NetName=S_D0 Pin=U2-44
Added Pin To Net: NetName=FLSH_CE Pin=U3-1
Added Pin To Net: NetName=SPI_SI Pin=U3-2
Added Pin To Net: NetName=3.3VDC Pin=U3-3
Added Pin To Net: NetName=GND Pin=U3-4
Added Pin To Net: NetName=SPI_SO Pin=U3-5
Added Pin To Net: NetName=SPI_SCK Pin=U3-6
Added Pin To Net: NetName=3.3VDC Pin=U3-7
Added Pin To Net: NetName=3.3VDC Pin=U3-8
Added Pin To Net: NetName=12VDC Pin=U4-1
Added Pin To Net: NetName=GND Pin=U4-3
Added Pin To Net: NetName=5VDC Pin=U4-4
Added Pin To Net: NetName=GND Pin=U4-5
Added Pin To Net: NetName=12VDC Pin=U5-1
Added Pin To Net: NetName=GND Pin=U5-3
Added Pin To Net: NetName=5VDC Pin=U5-4
Added Pin To Net: NetName=GND Pin=U5-5
Added Pin To Net: NetName=GND Pin=U6-1
Added Pin To Net: NetName=PowerOK Pin=U6-2
Added Pin To Net: NetName=U6_Vcc Pin=U6-3
Added Pin To Net: NetName=X1 Pin=U7-1
Added Pin To Net: NetName=X2 Pin=U7-2
Added Pin To Net: NetName=Vbat Pin=U7-3
Added Pin To Net: NetName=RTC_CS Pin=U7-4
Added Pin To Net: NetName=GND Pin=U7-5
Added Pin To Net: NetName=SPI_SO Pin=U7-6
Added Pin To Net: NetName=SPI_SI Pin=U7-7
Added Pin To Net: NetName=SPI_SCK Pin=U7-8
Added Pin To Net: NetName=NetR19_1 Pin=U7-9
Added Pin To Net: NetName=3.3VDC Pin=U7-10
Added Pin To Net: NetName=GND Pin=XDS1-1
Added Pin To Net: NetName=5VDC Pin=XDS1-2
Added Pin To Net: NetName=Pot_contraste Pin=XDS1-3
Added Pin To Net: NetName=S_RS Pin=XDS1-4
Added Pin To Net: NetName=S_RW Pin=XDS1-5
Added Pin To Net: NetName=S_E Pin=XDS1-6
Added Pin To Net: NetName=TS_D0 Pin=XDS1-7
Added Pin To Net: NetName=TS_D1 Pin=XDS1-8
Added Pin To Net: NetName=TS_D2 Pin=XDS1-9
Added Pin To Net: NetName=TS_D3 Pin=XDS1-10
Added Pin To Net: NetName=TS_D4 Pin=XDS1-11
Added Pin To Net: NetName=TS_D5 Pin=XDS1-12
Added Pin To Net: NetName=TS_D6 Pin=XDS1-13
Added Pin To Net: NetName=TS_D7 Pin=XDS1-14
Added Pin To Net: NetName=5VDC Pin=XDS1-15
Added Pin To Net: NetName=GND Pin=XDS1-16
Added Pin To Net: NetName=X1 Pin=Y1-1
Added Pin To Net: NetName=X2 Pin=Y1-2
Added Pin To Net: NetName=NetD2_2 Pin=D2-2
Added Pin To Net: NetName=NetD2_2 Pin=L1-1
Added Pin To Net: NetName=NetD2_2 Pin=U4-2
Added Net: Name=NetD2_2
Added Pin To Net: NetName=NetD3_2 Pin=D3-2
Added Pin To Net: NetName=NetD3_2 Pin=L2-1
Added Pin To Net: NetName=NetD3_2 Pin=U5-2
Added Net: Name=NetD3_2
Change Class Name : Old Net Name=RG_LED_[0..1] New Net Name=RG_LED[0..1]
Added Member To Class: ClassName=PIC Member=Component C1 18pF
Added Member To Class: ClassName=PIC Member=Component C2 18pF
Added Member To Class: ClassName=PIC Member=Component C3 10uF
Added Member To Class: ClassName=PIC Member=Component C4 100nF
Added Member To Class: ClassName=PIC Member=Component C5 0.1uF
Added Member To Class: ClassName=PIC Member=Component C6 22uF
Added Member To Class: ClassName=PIC Member=Component C7 0.1uF
Added Member To Class: ClassName=PIC Member=Component C9 0.1uF
Added Member To Class: ClassName=PIC Member=Component C11 0.1uF
Added Member To Class: ClassName=Power Member=Component C13 1000uF
Added Member To Class: ClassName=Power Member=Component C14 100uF
Added Member To Class: ClassName=Power Member=Component C15 1000uF
Added Member To Class: ClassName=Power Member=Component C16 100uF
Added Member To Class: ClassName=Power Member=Component C17 1000uF
Added Member To Class: ClassName=Power Member=Component D1 Diode 10TQ035
Added Member To Class: ClassName=Power Member=Component D2 MBRS330T3G
Added Member To Class: ClassName=Power Member=Component D3 MBRS330T3G
Added Member To Class: ClassName=Power Member=Component F1 Fuse 1
Added Member To Class: ClassName=Power Member=Component L1 100uH
Added Member To Class: ClassName=Power Member=Component L2 68uH
Added Member To Class: ClassName=OTHER Member=Component P1 61304021121
Added Member To Class: ClassName=OTHER Member=Component P2 31101112
Added Member To Class: ClassName=PIC Member=Component P3 90512-001LF
Added Member To Class: ClassName=Power Member=Component P4 FC681465P
Added Member To Class: ClassName=Power Member=Component PS1 Support Pile
Added Member To Class: ClassName=OTHER Member=Component Q1 MOSFET-N
Added Member To Class: ClassName=OTHER Member=Component Q2 MOSFET-N
Added Member To Class: ClassName=Ecran Member=Component R1 20k
Added Member To Class: ClassName=OTHER Member=Component R2 300k
Added Member To Class: ClassName=OTHER Member=Component R3 300k
Added Member To Class: ClassName=OTHER Member=Component R4 100k
Added Member To Class: ClassName=OTHER Member=Component R5 100k
Added Member To Class: ClassName=PIC Member=Component R6 330
Added Member To Class: ClassName=PIC Member=Component R10 10K
Added Member To Class: ClassName=PIC Member=Component R11 1Ko
Added Member To Class: ClassName=Power Member=Component R13 300k
Added Member To Class: ClassName=Power Member=Component R14 330
Added Member To Class: ClassName=Power Member=Component R16 100k
Added Member To Class: ClassName=OTHER Member=Component R17 60.4
Added Member To Class: ClassName=OTHER Member=Component R18 75
Added Member To Class: ClassName=PIC Member=Component R19 330
Added Member To Class: ClassName=VRAIMENTHORSPCB Member=Component S1 Bouton Status
Added Member To Class: ClassName=Ecran Member=Component U1 74LVX4245MTCX
Added Member To Class: ClassName=PIC Member=Component U2 PIC32MX110F016D-I/PT
Added Member To Class: ClassName=PIC Member=Component U3 SST25VF016B-50-4C-S2AF-T
Added Member To Class: ClassName=Power Member=Component U4 LM2576HVT-5.0/NOPB
Added Member To Class: ClassName=Power Member=Component U5 LM2576T-3.3/NOPB
Added Member To Class: ClassName=Power Member=Component U6 LM809M3-3.08/NOPB
Added Member To Class: ClassName=PIC Member=Component U7 MCP79510-I/MS
Added Member To Class: ClassName=Ecran Member=Component XDS1 1-826629-6
Added Member To Class: ClassName=PIC Member=Component Y1 32.768kHz
Added Member To Class: ClassName=RG_LED[0..1] Member=Element[0]: RG_LED
Added Member To Class: ClassName=RG_LED[0..1] Member=Element[1]: RG_LED
Added Room: Name=Ecran
Added Room: Name=OTHER
Added Room: Name=PIC
Added Room: Name=Power
Added Room: Name=VRAIMENTHORSPCB
