Removed Pin From Net: NetName=GND Pin=P4-2
Added Component: Designator=L1(BOBINEDEMERDE_5v)
Add component. Clean all parameters for all variants
Add component (AddParameter): Name = "Fabricant"; Value = "CAHIER"; VariantName = "[No Variations]"
Add component (AddParameter): Name = "Fournisseur"; Value = "CAHIER"; VariantName = "[No Variations]"
Add component (AddParameter): Name = "Ref.Fabricant"; Value = "100uH"; VariantName = "[No Variations]"
Add component (AddParameter): Name = "Ref.Fournisseur"; Value = "CAHIER"; VariantName = "[No Variations]"
Add component (AddParameter): Name = "Value"; Value = "100uH"; VariantName = "[No Variations]"
Added Component: Designator=S1(SPST-2)
Add component. Clean all parameters for all variants
Add component (AddParameter): Name = "Fabricant"; Value = "RAFI"; VariantName = "[No Variations]"
Add component (AddParameter): Name = "Fournisseur"; Value = "Farnell"; VariantName = "[No Variations]"
Add component (AddParameter): Name = "Ref.Fabricant"; Value = "1.10.001.001/0205"; VariantName = "[No Variations]"
Add component (AddParameter): Name = "Ref.Fournisseur"; Value = "9927360"; VariantName = "[No Variations]"
Added Pin To Net: NetName=NetD2_2 Pin=L1-1
Added Pin To Net: NetName=5VDC Pin=L1-2
Added Pin To Net: NetName=GND Pin=S1-2
Added Member To Class: ClassName=PIC Member=Component C3 10uF
Added Member To Class: ClassName=Power Member=Component L1 100uH
Added Member To Class: ClassName=Power Member=Component P4 FC681465P
Added Member To Class: ClassName=OTHER Member=Component Q2 MOSFET-N
Added Member To Class: ClassName=VRAIMENTHORSPCB Member=Component S1 Bouton Status
Added Room: Name=Ecran
Added Room: Name=OTHER
Added Room: Name=PIC
Added Room: Name=Power
Added Room: Name=VRAIMENTHORSPCB
