Removed Pin From Net: NetName=GND Pin=P4-2
Change component parameters: Designator = "L1"; Footprint = "BOBINEDEMERDE_5v"; UniqueID = "\CHPQGUCH\PTTWDHOA"
Change component parameters. Clean all parameters for all variants
Change component parameters (AddParameter): Name = "Fabricant"; Value = "PULSE ELECTRONICS"; VariantName = "[No Variations]"
Change component parameters (AddParameter): Name = "Fournisseur"; Value = "Farnell"; VariantName = "[No Variations]"
Change component parameters (AddParameter): Name = "Ref.Fabricant"; Value = "PE92108KNL"; VariantName = "[No Variations]"
Change component parameters (AddParameter): Name = "Ref.Fournisseur"; Value = "1209546"; VariantName = "[No Variations]"
Change component parameters (AddParameter): Name = "Value"; Value = "100uH"; VariantName = "[No Variations]"
Added Component: Designator=L2(BOBINEDEMERDE_5v)
Add component. Clean all parameters for all variants
Add component (AddParameter): Name = "Fabricant"; Value = "PULSE ELECTRONICS"; VariantName = "[No Variations]"
Add component (AddParameter): Name = "Fournisseur"; Value = "Farnell"; VariantName = "[No Variations]"
Add component (AddParameter): Name = "Ref.Fabricant"; Value = "PE92108KNL"; VariantName = "[No Variations]"
Add component (AddParameter): Name = "Ref.Fournisseur"; Value = "1209546"; VariantName = "[No Variations]"
Add component (AddParameter): Name = "Value"; Value = "100uH"; VariantName = "[No Variations]"
Added Component: Designator=S1(SPST-2)
Add component. Clean all parameters for all variants
Add component (AddParameter): Name = "Fabricant"; Value = "RAFI"; VariantName = "[No Variations]"
Add component (AddParameter): Name = "Fournisseur"; Value = "Farnell"; VariantName = "[No Variations]"
Add component (AddParameter): Name = "Ref.Fabricant"; Value = "1.10.001.001/0205"; VariantName = "[No Variations]"
Add component (AddParameter): Name = "Ref.Fournisseur"; Value = "9927360"; VariantName = "[No Variations]"
Added Pin To Net: NetName=NetD3_2 Pin=L2-1
Added Pin To Net: NetName=3.3VDC Pin=L2-2
Added Pin To Net: NetName=GND Pin=S1-2
Added Member To Class: ClassName=Power Member=Component L2 100uH
Added Member To Class: ClassName=VRAIMENTHORSPCB Member=Component S1 Bouton Status
Added Room: Name=Ecran
Added Room: Name=OTHER
Added Room: Name=PIC
Added Room: Name=Power
Added Room: Name=VRAIMENTHORSPCB
