Change Component Designator: OldDesignator=1 NewDesignator=C8
Change Component Designator: OldDesignator=2 NewDesignator=L1
Change Component Designator: OldDesignator=3 NewDesignator=C10
Change Component Designator: OldDesignator=4 NewDesignator=C12
Change Component Designator: OldDesignator=5 NewDesignator=R7
Change Component Designator: OldDesignator=6 NewDesignator=C14
Change Component Designator: OldDesignator=7 NewDesignator=C15
Change Component Designator: OldDesignator=8 NewDesignator=C16
Change Component Designator: OldDesignator=9 NewDesignator=R8
Change Component Designator: OldDesignator=10 NewDesignator=C17
Change Component Designator: OldDesignator=11 NewDesignator=L2
Change Component Designator: OldDesignator=12 NewDesignator=C18
Change Component Designator: OldDesignator=13 NewDesignator=C19
Change Component Designator: OldDesignator=14 NewDesignator=R9
Change Component Designator: OldDesignator=15 NewDesignator=C20
Change Component Designator: OldDesignator=16 NewDesignator=C21
Change Component Designator: OldDesignator=17 NewDesignator=C22
Change Component Designator: OldDesignator=18 NewDesignator=R12
Added Pin To Net: NetName=NetC8_1 Pin=C8-1
Added Pin To Net: NetName=NetC8_1 Pin=L1-2
Added Net: Name=NetC8_1
Added Pin To Net: NetName=NetC8_2 Pin=C8-2
Added Net: Name=NetC8_2
Added Pin To Net: NetName=NetC17_1 Pin=C17-1
Added Pin To Net: NetName=NetC17_1 Pin=L2-2
Added Net: Name=NetC17_1
Added Pin To Net: NetName=NetC17_2 Pin=C17-2
Added Net: Name=NetC17_2
Added Pin To Net: NetName=NetR7_2 Pin=R7-2
Added Pin To Net: NetName=NetR7_2 Pin=R8-2
Added Net: Name=NetR7_2
Added Pin To Net: NetName=NetR9_2 Pin=R9-2
Added Pin To Net: NetName=NetR9_2 Pin=R12-2
Added Net: Name=NetR9_2
