Added Component: Designator=S1(SPST-2)
Added Component: Designator=U2(TPS562201DDCT)
Added Component: Designator=U4(TPS562201DDCT)
Added Pin To Net: NetName=GND Pin=S1-2
Added Pin To Net: NetName=GND Pin=U2-1
Added Pin To Net: NetName=NetC8_1 Pin=U2-2
Added Pin To Net: NetName=12VDC Pin=U2-3
Added Pin To Net: NetName=NetR7_2 Pin=U2-4
Added Pin To Net: NetName=NetC8_2 Pin=U2-6
Added Pin To Net: NetName=GND Pin=U4-1
Added Pin To Net: NetName=NetC17_1 Pin=U4-2
Added Pin To Net: NetName=12VDC Pin=U4-3
Added Pin To Net: NetName=NetR9_2 Pin=U4-4
Added Pin To Net: NetName=NetC17_2 Pin=U4-6
Added Member To Class: ClassName=Power Member=Component C14 10uF
Added Member To Class: ClassName=Power Member=Component C15 10uF
Added Member To Class: ClassName=Power Member=Component C16 0.1uF
Added Member To Class: ClassName=Power Member=Component C17 0.1uF
Added Member To Class: ClassName=Power Member=Component L2 3.3uH
Added Member To Class: ClassName=VRAIMENTHORSPCB Member=Component S1 Bouton Status
Added Member To Class: ClassName=Power Member=Component U2 TPS562201DDCT
Added Member To Class: ClassName=Power Member=Component U4 TPS562201DDCT
Added Room: Name=Power
Added Room: Name=VRAIMENTHORSPCB
