Added Component: Designator=U2(TPS562201DDCT)
Added Component: Designator=U4(TPS562201DDCT)
Added Pin To Net: NetName=GND Pin=U2-1
Added Pin To Net: NetName=GND Pin=U2-1
Added Pin To Net: NetName=NetC8_1 Pin=U2-2
Added Pin To Net: NetName=NetC8_1 Pin=U2-2
Added Pin To Net: NetName=NetC8_1 Pin=U2-2
Added Pin To Net: NetName=NetC8_1 Pin=U2-2
Added Pin To Net: NetName=GND Pin=U4-1
Added Pin To Net: NetName=GND Pin=U4-1
Added Pin To Net: NetName=NetC17_1 Pin=U4-2
Added Pin To Net: NetName=NetC17_1 Pin=U4-2
Added Pin To Net: NetName=NetC17_1 Pin=U4-2
Added Pin To Net: NetName=NetC17_1 Pin=U4-2
Added Member To Class: ClassName=Power Member=Component C14 10uF
Added Member To Class: ClassName=Power Member=Component C15 10uF
Added Member To Class: ClassName=Power Member=Component C16 0.1uF
Added Member To Class: ClassName=Power Member=Component C17 0.1uF
Added Member To Class: ClassName=Power Member=Component L2 3.3uH
Added Member To Class: ClassName=Power Member=Component U2 TPS562201DDCT
Added Member To Class: ClassName=Power Member=Component U4 TPS562201DDCT
