Added Component: Designator=C1(0603)
Added Component: Designator=C2(0603)
Added Component: Designator=C3(C3)
Added Component: Designator=C4(0603)
Added Component: Designator=C5(0603)
Added Component: Designator=C6(0603)
Added Component: Designator=C7(0603)
Added Component: Designator=C9(0603)
Added Component: Designator=C11(0603)
Added Component: Designator=C13(Condo_trav)
Added Component: Designator=C14(0603)
Added Component: Designator=C15(Condo_trav)
Added Component: Designator=C16(0603)
Added Component: Designator=C17(Condo_trav)
Added Component: Designator=D1(DiodeZin)
Added Component: Designator=D2(DO214AB SMC)
Added Component: Designator=D3(DO214AB SMC)
Added Component: Designator=F1(FUSIBLE)
Added Component: Designator=L1(BOBINEDEMERDE_5v)
Added Component: Designator=L2(BOBINEDEMERDE_5v)
Added Component: Designator=P1(Connect2x20)
Added Component: Designator=P2(Bornier12)
Added Component: Designator=P3(RJ12)
Added Component: Designator=P4(JackAlim)
Added Component: Designator=PS1(Pile)
Added Component: Designator=Q1(nouveau_mosfetN)
Added Component: Designator=Q2(nouveau_mosfetN)
Added Component: Designator=R1(POTARD)
Added Component: Designator=R2(0603)
Added Component: Designator=R3(0603)
Added Component: Designator=R4(0603)
Added Component: Designator=R5(0603)
Added Component: Designator=R6(0603)
Added Component: Designator=R10(0603)
Added Component: Designator=R11(0603)
Added Component: Designator=R13(0603)
Added Component: Designator=R14(0603)
Added Component: Designator=R16(0603)
Added Component: Designator=R17(0603)
Added Component: Designator=R18(0603)
Added Component: Designator=R19(0603)
Added Component: Designator=S1(SPST-2)
Added Component: Designator=U1(TRANS)
Added Component: Designator=U3(FLASH)
Added Component: Designator=U4(CONVERTTENSIONTEXAS)
Added Component: Designator=U5(CONVERTTENSIONTEXAS)
Added Component: Designator=U6(LM809)
Added Component: Designator=U7(rtc)
Added Component: Designator=XDS1(HDR1X16)
Added Component: Designator=Y1(QUARTZ32KHz)
Added Component: Designator=Z?(TQFP-44_L)
Added Pin To Net: NetName=GND Pin=C1-1
Added Pin To Net: NetName=X1 Pin=C1-2
Added Pin To Net: NetName=GND Pin=C2-1
Added Pin To Net: NetName=X2 Pin=C2-2
Added Pin To Net: NetName=NetC3_1 Pin=C3-1
Added Pin To Net: NetName=GND Pin=C3-2
Added Pin To Net: NetName=GND Pin=C4-1
Added Pin To Net: NetName=STATUS_BTN Pin=C4-2
Added Pin To Net: NetName=GND Pin=C5-1
Added Pin To Net: NetName=NetC5_2 Pin=C5-2
Added Pin To Net: NetName=GND Pin=C6-1
Added Pin To Net: NetName=3.3VDC Pin=C6-2
Added Pin To Net: NetName=3.3VDC Pin=C7-1
Added Pin To Net: NetName=GND Pin=C7-2
Added Pin To Net: NetName=3.3VDC Pin=C9-1
Added Pin To Net: NetName=GND Pin=C9-2
Added Pin To Net: NetName=3.3VDC Pin=C11-1
Added Pin To Net: NetName=GND Pin=C11-2
Added Pin To Net: NetName=GND Pin=C13-1
Added Pin To Net: NetName=12VDC Pin=C13-2
Added Pin To Net: NetName=12VDC Pin=C14-1
Added Pin To Net: NetName=GND Pin=C14-2
Added Pin To Net: NetName=GND Pin=C15-1
Added Pin To Net: NetName=5VDC Pin=C15-2
Added Pin To Net: NetName=12VDC Pin=C16-1
Added Pin To Net: NetName=GND Pin=C16-2
Added Pin To Net: NetName=GND Pin=C17-1
Added Pin To Net: NetName=3.3VDC Pin=C17-2
Added Pin To Net: NetName=12VDC Pin=D1-1
Added Pin To Net: NetName=GND Pin=D1-3
Added Pin To Net: NetName=GND Pin=D2-1
Added Pin To Net: NetName=NetD2_2 Pin=D2-2
Added Pin To Net: NetName=GND Pin=D3-1
Added Pin To Net: NetName=NetD3_2 Pin=D3-2
Added Pin To Net: NetName=NetF1_1 Pin=F1-1
Added Pin To Net: NetName=12VDC Pin=F1-2
Added Pin To Net: NetName=NetD2_2 Pin=L1-1
Added Pin To Net: NetName=5VDC Pin=L1-2
Added Pin To Net: NetName=NetD3_2 Pin=L2-1
Added Pin To Net: NetName=3.3VDC Pin=L2-2
Added Pin To Net: NetName=5VDC Pin=P1-2
Added Pin To Net: NetName=GND Pin=P1-6
Added Pin To Net: NetName=PIC_RASPI_RXD Pin=P1-8
Added Pin To Net: NetName=PIC_RASPI_TXD Pin=P1-10
Added Pin To Net: NetName=NetP2_1 Pin=P2-1
Added Pin To Net: NetName=NetP2_2 Pin=P2-2
Added Pin To Net: NetName=CMD_SERVO Pin=P2-3
Added Pin To Net: NetName=3.3VDC Pin=P2-4
Added Pin To Net: NetName=GND Pin=P2-5
Added Pin To Net: NetName=STATUS_BTN Pin=P2-6
Added Pin To Net: NetName=CR_LED_R_CTRL Pin=P2-7
Added Pin To Net: NetName=CR_LED_G_CTRL Pin=P2-8
Added Pin To Net: NetName=GND Pin=P2-9
Added Pin To Net: NetName=CR_DATA0_12V Pin=P2-10
Added Pin To Net: NetName=CR_DATA1_12V Pin=P2-11
Added Pin To Net: NetName=12VDC Pin=P2-12
Added Pin To Net: NetName=MCLR Pin=P3-1
Added Pin To Net: NetName=3.3VDC Pin=P3-2
Added Pin To Net: NetName=GND Pin=P3-3
Added Pin To Net: NetName=PGED1 Pin=P3-4
Added Pin To Net: NetName=PGEC1 Pin=P3-5
Added Pin To Net: NetName=NetF1_1 Pin=P4-1
Added Pin To Net: NetName=GND Pin=P4-3
Added Pin To Net: NetName=VBAT Pin=PS1-1
Added Pin To Net: NetName=GND Pin=PS1-2
Added Pin To Net: NetName=CR_LED_R_CTRL Pin=Q1-1
Added Pin To Net: NetName=CR_LED_R Pin=Q1-2
Added Pin To Net: NetName=GND Pin=Q1-3
Added Pin To Net: NetName=CR_LED_G_CTRL Pin=Q2-1
Added Pin To Net: NetName=CR_LED_G Pin=Q2-2
Added Pin To Net: NetName=GND Pin=Q2-3
Added Pin To Net: NetName=5VDC Pin=R1-1
Added Pin To Net: NetName=POT_CONTRASTE Pin=R1-2
Added Pin To Net: NetName=GND Pin=R1-3
Added Pin To Net: NetName=CR_DATA0_3V Pin=R2-1
Added Pin To Net: NetName=CR_DATA0_12V Pin=R2-2
Added Pin To Net: NetName=CR_DATA1_3V Pin=R3-1
Added Pin To Net: NetName=CR_DATA1_12V Pin=R3-2
Added Pin To Net: NetName=GND Pin=R4-1
Added Pin To Net: NetName=CR_DATA0_3V Pin=R4-2
Added Pin To Net: NetName=GND Pin=R5-1
Added Pin To Net: NetName=CR_DATA1_3V Pin=R5-2
Added Pin To Net: NetName=3.3VDC Pin=R6-1
Added Pin To Net: NetName=STATUS_BTN Pin=R6-2
Added Pin To Net: NetName=NetC5_2 Pin=R10-1
Added Pin To Net: NetName=3.3VDC Pin=R10-2
Added Pin To Net: NetName=NetC5_2 Pin=R11-1
Added Pin To Net: NetName=MCLR Pin=R11-2
Added Pin To Net: NetName=U6_VCC Pin=R13-1
Added Pin To Net: NetName=12VDC Pin=R13-2
Added Pin To Net: NetName=POWEROK Pin=R14-1
Added Pin To Net: NetName=3.3VDC Pin=R14-2
Added Pin To Net: NetName=GND Pin=R16-1
Added Pin To Net: NetName=U6_VCC Pin=R16-2
Added Pin To Net: NetName=RG_LED0 Pin=R17-1
Added Pin To Net: NetName=NetP2_1 Pin=R17-2
Added Pin To Net: NetName=RG_LED1 Pin=R18-1
Added Pin To Net: NetName=NetP2_2 Pin=R18-2
Added Pin To Net: NetName=NetR19_1 Pin=R19-1
Added Pin To Net: NetName=3.3VDC Pin=R19-2
Added Pin To Net: NetName=GND Pin=S1-2
Added Pin To Net: NetName=5VDC Pin=U1-1
Added Pin To Net: NetName=TS_TR Pin=U1-2
Added Pin To Net: NetName=TS_D0 Pin=U1-3
Added Pin To Net: NetName=TS_D1 Pin=U1-4
Added Pin To Net: NetName=TS_D2 Pin=U1-5
Added Pin To Net: NetName=TS_D3 Pin=U1-6
Added Pin To Net: NetName=TS_D4 Pin=U1-7
Added Pin To Net: NetName=TS_D5 Pin=U1-8
Added Pin To Net: NetName=TS_D6 Pin=U1-9
Added Pin To Net: NetName=TS_D7 Pin=U1-10
Added Pin To Net: NetName=GND Pin=U1-11
Added Pin To Net: NetName=GND Pin=U1-12
Added Pin To Net: NetName=GND Pin=U1-13
Added Pin To Net: NetName=S_D7 Pin=U1-14
Added Pin To Net: NetName=S_D6 Pin=U1-15
Added Pin To Net: NetName=S_D5 Pin=U1-16
Added Pin To Net: NetName=S_D4 Pin=U1-17
Added Pin To Net: NetName=S_D3 Pin=U1-18
Added Pin To Net: NetName=S_D2 Pin=U1-19
Added Pin To Net: NetName=S_D1 Pin=U1-20
Added Pin To Net: NetName=S_D0 Pin=U1-21
Added Pin To Net: NetName=GND Pin=U1-22
Added Pin To Net: NetName=3.3VDC Pin=U1-23
Added Pin To Net: NetName=3.3VDC Pin=U1-24
Added Pin To Net: NetName=FLSH_CE Pin=U3-1
Added Pin To Net: NetName=SPI_SI Pin=U3-2
Added Pin To Net: NetName=3.3VDC Pin=U3-3
Added Pin To Net: NetName=GND Pin=U3-4
Added Pin To Net: NetName=SPI_SO Pin=U3-5
Added Pin To Net: NetName=SPI_SCK Pin=U3-6
Added Pin To Net: NetName=3.3VDC Pin=U3-7
Added Pin To Net: NetName=3.3VDC Pin=U3-8
Added Pin To Net: NetName=12VDC Pin=U4-1
Added Pin To Net: NetName=NetD2_2 Pin=U4-2
Added Pin To Net: NetName=GND Pin=U4-3
Added Pin To Net: NetName=5VDC Pin=U4-4
Added Pin To Net: NetName=GND Pin=U4-5
Added Pin To Net: NetName=12VDC Pin=U5-1
Added Pin To Net: NetName=NetD3_2 Pin=U5-2
Added Pin To Net: NetName=GND Pin=U5-3
Added Pin To Net: NetName=3.3VDC Pin=U5-4
Added Pin To Net: NetName=GND Pin=U5-5
Added Pin To Net: NetName=GND Pin=U6-1
Added Pin To Net: NetName=POWEROK Pin=U6-2
Added Pin To Net: NetName=U6_VCC Pin=U6-3
Added Pin To Net: NetName=X1 Pin=U7-1
Added Pin To Net: NetName=X2 Pin=U7-2
Added Pin To Net: NetName=VBAT Pin=U7-3
Added Pin To Net: NetName=RTC_CS Pin=U7-4
Added Pin To Net: NetName=GND Pin=U7-5
Added Pin To Net: NetName=SPI_SO Pin=U7-6
Added Pin To Net: NetName=SPI_SI Pin=U7-7
Added Pin To Net: NetName=SPI_SCK Pin=U7-8
Added Pin To Net: NetName=NetR19_1 Pin=U7-9
Added Pin To Net: NetName=3.3VDC Pin=U7-10
Added Pin To Net: NetName=GND Pin=XDS1-1
Added Pin To Net: NetName=5VDC Pin=XDS1-2
Added Pin To Net: NetName=POT_CONTRASTE Pin=XDS1-3
Added Pin To Net: NetName=S_RS Pin=XDS1-4
Added Pin To Net: NetName=S_RW Pin=XDS1-5
Added Pin To Net: NetName=S_E Pin=XDS1-6
Added Pin To Net: NetName=TS_D0 Pin=XDS1-7
Added Pin To Net: NetName=TS_D1 Pin=XDS1-8
Added Pin To Net: NetName=TS_D2 Pin=XDS1-9
Added Pin To Net: NetName=TS_D3 Pin=XDS1-10
Added Pin To Net: NetName=TS_D4 Pin=XDS1-11
Added Pin To Net: NetName=TS_D5 Pin=XDS1-12
Added Pin To Net: NetName=TS_D6 Pin=XDS1-13
Added Pin To Net: NetName=TS_D7 Pin=XDS1-14
Added Pin To Net: NetName=5VDC Pin=XDS1-15
Added Pin To Net: NetName=GND Pin=XDS1-16
Added Pin To Net: NetName=X1 Pin=Y1-1
Added Pin To Net: NetName=X2 Pin=Y1-2
Added Pin To Net: NetName=S_D0 Pin=Z?-1
Added Pin To Net: NetName=S_D1 Pin=Z?-2
Added Pin To Net: NetName=S_D2 Pin=Z?-3
Added Pin To Net: NetName=S_D3 Pin=Z?-4
Added Pin To Net: NetName=S_D4 Pin=Z?-5
Added Pin To Net: NetName=GND Pin=Z?-6
Added Pin To Net: NetName=NetC3_1 Pin=Z?-7
Added Pin To Net: NetName=S_D5 Pin=Z?-8
Added Pin To Net: NetName=RTC_CS Pin=Z?-11
Added Pin To Net: NetName=FLSH_CE Pin=Z?-12
Added Pin To Net: NetName=SPI_SI Pin=Z?-13
Added Pin To Net: NetName=SPI_SCK Pin=Z?-14
Added Pin To Net: NetName=SPI_SO Pin=Z?-15
Added Pin To Net: NetName=GND Pin=Z?-16
Added Pin To Net: NetName=3.3VDC Pin=Z?-17
Added Pin To Net: NetName=MCLR Pin=Z?-18
Added Pin To Net: NetName=POWEROK Pin=Z?-19
Added Pin To Net: NetName=GND Pin=Z?-20
Added Pin To Net: NetName=PGED1 Pin=Z?-21
Added Pin To Net: NetName=PGEC1 Pin=Z?-22
Added Pin To Net: NetName=RG_LED0 Pin=Z?-23
Added Pin To Net: NetName=RG_LED1 Pin=Z?-24
Added Pin To Net: NetName=CR_DATA0_3V Pin=Z?-25
Added Pin To Net: NetName=CR_DATA1_3V Pin=Z?-26
Added Pin To Net: NetName=CR_LED_R Pin=Z?-27
Added Pin To Net: NetName=3.3VDC Pin=Z?-28
Added Pin To Net: NetName=GND Pin=Z?-29
Added Pin To Net: NetName=CR_LED_G Pin=Z?-30
Added Pin To Net: NetName=CMD_SERVO Pin=Z?-31
Added Pin To Net: NetName=STATUS_BTN Pin=Z?-32
Added Pin To Net: NetName=PIC_RASPI_RXD Pin=Z?-33
Added Pin To Net: NetName=PIC_RASPI_TXD Pin=Z?-34
Added Pin To Net: NetName=S_D6 Pin=Z?-37
Added Pin To Net: NetName=S_D7 Pin=Z?-38
Added Pin To Net: NetName=GND Pin=Z?-39
Added Pin To Net: NetName=3.3VDC Pin=Z?-40
Added Pin To Net: NetName=TS_TR Pin=Z?-41
Added Pin To Net: NetName=S_RS Pin=Z?-42
Added Pin To Net: NetName=S_RW Pin=Z?-43
Added Pin To Net: NetName=S_E Pin=Z?-44
Added Member To Class: ClassName=PIC Member=Component C1 18pF
Added Member To Class: ClassName=PIC Member=Component C2 18pF
Added Member To Class: ClassName=PIC Member=Component C3 10uF
Added Member To Class: ClassName=PIC Member=Component C4 100nF
Added Member To Class: ClassName=PIC Member=Component C5 0.1uF
Added Member To Class: ClassName=PIC Member=Component C6 22uF
Added Member To Class: ClassName=PIC Member=Component C7 0.1uF
Added Member To Class: ClassName=PIC Member=Component C9 0.1uF
Added Member To Class: ClassName=PIC Member=Component C11 0.1uF
Added Member To Class: ClassName=Power Member=Component C13 1000uF
Added Member To Class: ClassName=Power Member=Component C14 100uF
Added Member To Class: ClassName=Power Member=Component C15 1000uF
Added Member To Class: ClassName=Power Member=Component C16 100uF
Added Member To Class: ClassName=Power Member=Component C17 1000uF
Added Member To Class: ClassName=Power Member=Component D1 Diode 10TQ035
Added Member To Class: ClassName=Power Member=Component D2 MBRS330T3G
Added Member To Class: ClassName=Power Member=Component D3 MBRS330T3G
Added Member To Class: ClassName=Power Member=Component F1 Fuse 1
Added Member To Class: ClassName=Power Member=Component L1 100uH
Added Member To Class: ClassName=Power Member=Component L2 100uH
Added Member To Class: ClassName=OTHER Member=Component P1 61304021121
Added Member To Class: ClassName=OTHER Member=Component P2 31101112
Added Member To Class: ClassName=PIC Member=Component P3 90512-001LF
Added Member To Class: ClassName=Power Member=Component P4 FC681465P
Added Member To Class: ClassName=Power Member=Component PS1 Support Pile
Added Member To Class: ClassName=OTHER Member=Component Q1 MOSFET-N
Added Member To Class: ClassName=OTHER Member=Component Q2 MOSFET-N
Added Member To Class: ClassName=Ecran Member=Component R1 20k
Added Member To Class: ClassName=OTHER Member=Component R2 300k
Added Member To Class: ClassName=OTHER Member=Component R3 300k
Added Member To Class: ClassName=OTHER Member=Component R4 100k
Added Member To Class: ClassName=OTHER Member=Component R5 100k
Added Member To Class: ClassName=PIC Member=Component R6 330
Added Member To Class: ClassName=PIC Member=Component R10 10K
Added Member To Class: ClassName=PIC Member=Component R11 1Ko
Added Member To Class: ClassName=Power Member=Component R13 300k
Added Member To Class: ClassName=Power Member=Component R14 330
Added Member To Class: ClassName=Power Member=Component R16 100k
Added Member To Class: ClassName=OTHER Member=Component R17 60.4
Added Member To Class: ClassName=OTHER Member=Component R18 75
Added Member To Class: ClassName=PIC Member=Component R19 330
Added Member To Class: ClassName=VRAIMENTHORSPCB Member=Component S1 Bouton Status
Added Member To Class: ClassName=Ecran Member=Component U1 74LVX4245MTCX
Added Member To Class: ClassName=PIC Member=Component U3 SST25VF016B-50-4C-S2AF-T
Added Member To Class: ClassName=Power Member=Component U4 LM2576HVT-5.0/NOPB
Added Member To Class: ClassName=Power Member=Component U5 LM2576T-3.3/NOPB
Added Member To Class: ClassName=Power Member=Component U6 LM809M3-3.08/NOPB
Added Member To Class: ClassName=PIC Member=Component U7 MCP79510-I/MS
Added Member To Class: ClassName=Ecran Member=Component XDS1 1-826629-6
Added Member To Class: ClassName=PIC Member=Component Y1 32.768kHz
Added Member To Class: ClassName=PIC Member=Component Z? PIC32MX170F256D-I/PT
Added Room: Name=Ecran
Added Room: Name=OTHER
Added Room: Name=PIC
Added Room: Name=Power
Added Room: Name=VRAIMENTHORSPCB
