Added Component: Designator=S1(SPST-2)
Added Component: Designator=U1(TRANS)
Added Component: Designator=U7(rtc)
Added Component: Designator=Z1(TQFP-44_L)
Added Pin To Net: NetName=GND Pin=S1-2
Added Pin To Net: NetName=5VDC Pin=U1-1
Added Pin To Net: NetName=TS_TR Pin=U1-2
Added Pin To Net: NetName=TS_D0 Pin=U1-3
Added Pin To Net: NetName=TS_D1 Pin=U1-4
Added Pin To Net: NetName=TS_D2 Pin=U1-5
Added Pin To Net: NetName=TS_D3 Pin=U1-6
Added Pin To Net: NetName=TS_D4 Pin=U1-7
Added Pin To Net: NetName=TS_D5 Pin=U1-8
Added Pin To Net: NetName=TS_D6 Pin=U1-9
Added Pin To Net: NetName=TS_D7 Pin=U1-10
Added Pin To Net: NetName=GND Pin=U1-11
Added Pin To Net: NetName=GND Pin=U1-12
Added Pin To Net: NetName=GND Pin=U1-13
Added Pin To Net: NetName=S_D7 Pin=U1-14
Added Pin To Net: NetName=S_D6 Pin=U1-15
Added Pin To Net: NetName=S_D5 Pin=U1-16
Added Pin To Net: NetName=S_D4 Pin=U1-17
Added Pin To Net: NetName=S_D3 Pin=U1-18
Added Pin To Net: NetName=S_D2 Pin=U1-19
Added Pin To Net: NetName=S_D1 Pin=U1-20
Added Pin To Net: NetName=S_D0 Pin=U1-21
Added Pin To Net: NetName=GND Pin=U1-22
Added Pin To Net: NetName=VOUT3.3 Pin=U1-23
Added Pin To Net: NetName=VOUT3.3 Pin=U1-24
Added Pin To Net: NetName=X1 Pin=U7-1
Added Pin To Net: NetName=X2 Pin=U7-2
Added Pin To Net: NetName=VBAT Pin=U7-3
Added Pin To Net: NetName=RTC_CS Pin=U7-4
Added Pin To Net: NetName=GND Pin=U7-5
Added Pin To Net: NetName=SPI_SO Pin=U7-6
Added Pin To Net: NetName=SPI_SI Pin=U7-7
Added Pin To Net: NetName=SPI_SCK Pin=U7-8
Added Pin To Net: NetName=RTC_MFP Pin=U7-9
Added Pin To Net: NetName=VOUT3.3 Pin=U7-10
Added Pin To Net: NetName=S_D0 Pin=Z1-1
Added Pin To Net: NetName=S_D1 Pin=Z1-2
Added Pin To Net: NetName=S_D2 Pin=Z1-3
Added Pin To Net: NetName=S_D3 Pin=Z1-4
Added Pin To Net: NetName=S_D4 Pin=Z1-5
Added Pin To Net: NetName=GND Pin=Z1-6
Added Pin To Net: NetName=NetC3_1 Pin=Z1-7
Added Pin To Net: NetName=S_D5 Pin=Z1-8
Added Pin To Net: NetName=S_D6 Pin=Z1-9
Added Pin To Net: NetName=S_D7 Pin=Z1-10
Added Pin To Net: NetName=RTC_CS Pin=Z1-11
Added Pin To Net: NetName=RTC_MFP Pin=Z1-12
Added Pin To Net: NetName=SPI_SI Pin=Z1-13
Added Pin To Net: NetName=SPI_SO Pin=Z1-14
Added Pin To Net: NetName=SPI_SCK Pin=Z1-15
Added Pin To Net: NetName=GND Pin=Z1-16
Added Pin To Net: NetName=VOUT3.3 Pin=Z1-17
Added Pin To Net: NetName=MCLR Pin=Z1-18
Added Pin To Net: NetName=FLSH_CE Pin=Z1-19
Added Pin To Net: NetName=GND Pin=Z1-20
Added Pin To Net: NetName=PGED1 Pin=Z1-21
Added Pin To Net: NetName=PGEC1 Pin=Z1-22
Added Pin To Net: NetName=RG_LED0 Pin=Z1-23
Added Pin To Net: NetName=RG_LED1 Pin=Z1-24
Added Pin To Net: NetName=CMD_SERVO Pin=Z1-25
Added Pin To Net: NetName=POWEROK Pin=Z1-26
Added Pin To Net: NetName=VOUT3.3 Pin=Z1-28
Added Pin To Net: NetName=GND Pin=Z1-29
Added Pin To Net: NetName=STATUS_BTN Pin=Z1-32
Added Pin To Net: NetName=CR_LED_R Pin=Z1-33
Added Pin To Net: NetName=CR_LED_G Pin=Z1-34
Added Pin To Net: NetName=CR_DATA0_3V Pin=Z1-35
Added Pin To Net: NetName=CR_DATA1_3V Pin=Z1-36
Added Pin To Net: NetName=PIC_RASPI_RXD Pin=Z1-37
Added Pin To Net: NetName=PIC_RASPI_TXD Pin=Z1-38
Added Pin To Net: NetName=GND Pin=Z1-39
Added Pin To Net: NetName=VOUT3.3 Pin=Z1-40
Added Pin To Net: NetName=TS_TR Pin=Z1-41
Added Pin To Net: NetName=S_RS Pin=Z1-42
Added Pin To Net: NetName=S_RW Pin=Z1-43
Added Pin To Net: NetName=S_E Pin=Z1-44
Added Member To Class: ClassName=VRAIMENTHORSPCB Member=Component S1 Bouton Status
Added Member To Class: ClassName=Ecran Member=Component U1 74LVX4245MTCX
Added Member To Class: ClassName=PIC Member=Component U7 MCP79510-I/MS
Added Member To Class: ClassName=PIC Member=Component Z1 PIC32MX170F256D-I/PT
Added Room: Name=Ecran
Added Room: Name=OTHER
Added Room: Name=PIC
Added Room: Name=Power
Added Room: Name=VRAIMENTHORSPCB
